{"/Users/soroshnazari/Desktop/UNI/25_26-WiSe/Projekt/A6/RentACar/frontend/src/components/layout/Layout.tsx": {"path":"/Users/soroshnazari/Desktop/UNI/25_26-WiSe/Projekt/A6/RentACar/frontend/src/components/layout/Layout.tsx","statementMap":{"0":{"start":{"line":1,"column":0},"end":{"line":1,"column":73}},"1":{"start":{"line":2,"column":0},"end":{"line":2,"column":43}},"2":{"start":{"line":3,"column":0},"end":{"line":3,"column":31}},"3":{"start":{"line":5,"column":15},"end":{"line":175,"column":1}},"4":{"start":{"line":6,"column":48},"end":{"line":6,"column":63}},"5":{"start":{"line":7,"column":34},"end":{"line":7,"column":63}},"6":{"start":{"line":8,"column":19},"end":{"line":8,"column":32}},"7":{"start":{"line":9,"column":19},"end":{"line":9,"column":32}},"8":{"start":{"line":11,"column":2},"end":{"line":14,"column":null}},"9":{"start":{"line":12,"column":4},"end":{"line":12,"column":null}},"10":{"start":{"line":13,"column":4},"end":{"line":13,"column":null}},"11":{"start":{"line":16,"column":2},"end":{"line":18,"column":null}},"12":{"start":{"line":17,"column":4},"end":{"line":17,"column":null}},"13":{"start":{"line":20,"column":23},"end":{"line":25,"column":3}},"14":{"start":{"line":21,"column":4},"end":{"line":21,"column":null}},"15":{"start":{"line":22,"column":4},"end":{"line":22,"column":null}},"16":{"start":{"line":23,"column":4},"end":{"line":23,"column":null}},"17":{"start":{"line":24,"column":4},"end":{"line":24,"column":null}},"18":{"start":{"line":27,"column":2},"end":{"line":174,"column":null}},"19":{"start":{"line":177,"column":0},"end":{"line":177,"column":null}}},"fnMap":{"0":{"name":"(anonymous_0)","decl":{"start":{"line":5,"column":15},"end":{"line":5,"column":18}},"loc":{"start":{"line":5,"column":20},"end":{"line":175,"column":1}}},"1":{"name":"(anonymous_1)","decl":{"start":{"line":11,"column":12},"end":{"line":11,"column":15}},"loc":{"start":{"line":11,"column":17},"end":{"line":14,"column":3}}},"2":{"name":"(anonymous_2)","decl":{"start":{"line":16,"column":12},"end":{"line":16,"column":15}},"loc":{"start":{"line":16,"column":17},"end":{"line":18,"column":3}}},"3":{"name":"(anonymous_3)","decl":{"start":{"line":20,"column":23},"end":{"line":20,"column":26}},"loc":{"start":{"line":20,"column":28},"end":{"line":25,"column":3}}}},"branchMap":{"0":{"loc":{"start":{"line":39,"column":15},"end":{"line":89,"column":null}},"type":"cond-expr","locations":[{"start":{"line":40,"column":16},"end":{"line":73,"column":null}},{"start":{"line":76,"column":16},"end":{"line":88,"column":null}}]},"1":{"loc":{"start":{"line":41,"column":19},"end":{"line":47,"column":null}},"type":"binary-expr","locations":[{"start":{"line":41,"column":19},"end":{"line":41,"column":47}},{"start":{"line":42,"column":20},"end":{"line":44,"column":null}}]},"2":{"loc":{"start":{"line":49,"column":19},"end":{"line":63,"column":null}},"type":"binary-expr","locations":[{"start":{"line":49,"column":20},"end":{"line":49,"column":48}},{"start":{"line":49,"column":52},"end":{"line":49,"column":77}},{"start":{"line":50,"column":20},"end":{"line":62,"column":null}}]}},"s":{"0":1,"1":1,"2":1,"3":1,"4":5,"5":5,"6":5,"7":5,"8":5,"9":2,"10":2,"11":5,"12":3,"13":5,"14":1,"15":1,"16":1,"17":1,"18":5,"19":1},"f":{"0":5,"1":2,"2":3,"3":1},"b":{"0":[1,4],"1":[1,1],"2":[1,1,0]}}
,"/Users/soroshnazari/Desktop/UNI/25_26-WiSe/Projekt/A6/RentACar/frontend/src/components/layout/ProgressIndicator.tsx": {"path":"/Users/soroshnazari/Desktop/UNI/25_26-WiSe/Projekt/A6/RentACar/frontend/src/components/layout/ProgressIndicator.tsx","statementMap":{"0":{"start":{"line":12,"column":26},"end":{"line":48,"column":1}},"1":{"start":{"line":13,"column":2},"end":{"line":47,"column":null}},"2":{"start":{"line":16,"column":8},"end":{"line":16,"column":31}},"3":{"start":{"line":50,"column":0},"end":{"line":50,"column":null}}},"fnMap":{"0":{"name":"(anonymous_0)","decl":{"start":{"line":12,"column":26},"end":{"line":12,"column":27}},"loc":{"start":{"line":12,"column":64},"end":{"line":48,"column":1}}},"1":{"name":"(anonymous_1)","decl":{"start":{"line":15,"column":17},"end":{"line":15,"column":18}},"loc":{"start":{"line":16,"column":8},"end":{"line":16,"column":31}}}},"branchMap":{"0":{"loc":{"start":{"line":20,"column":16},"end":{"line":24,"column":null}},"type":"cond-expr","locations":[{"start":{"line":21,"column":20},"end":{"line":21,"column":47}},{"start":{"line":22,"column":20},"end":{"line":24,"column":null}}]},"1":{"loc":{"start":{"line":22,"column":20},"end":{"line":24,"column":null}},"type":"cond-expr","locations":[{"start":{"line":23,"column":22},"end":{"line":23,"column":49}},{"start":{"line":24,"column":22},"end":{"line":24,"column":null}}]},"2":{"loc":{"start":{"line":27,"column":15},"end":{"line":27,"column":49}},"type":"cond-expr","locations":[{"start":{"line":27,"column":32},"end":{"line":27,"column":35}},{"start":{"line":27,"column":38},"end":{"line":27,"column":49}}]},"3":{"loc":{"start":{"line":31,"column":16},"end":{"line":31,"column":null}},"type":"cond-expr","locations":[{"start":{"line":31,"column":30},"end":{"line":31,"column":48}},{"start":{"line":31,"column":51},"end":{"line":31,"column":null}}]},"4":{"loc":{"start":{"line":37,"column":11},"end":{"line":42,"column":null}},"type":"binary-expr","locations":[{"start":{"line":37,"column":11},"end":{"line":37,"column":35}},{"start":{"line":38,"column":12},"end":{"line":41,"column":null}}]},"5":{"loc":{"start":{"line":40,"column":16},"end":{"line":40,"column":null}},"type":"cond-expr","locations":[{"start":{"line":40,"column":33},"end":{"line":40,"column":49}},{"start":{"line":40,"column":52},"end":{"line":40,"column":null}}]}},"s":{"0":2,"1":23,"2":65,"3":2},"f":{"0":23,"1":65},"b":{"0":[22,43],"1":[14,29],"2":[14,51],"3":[22,43],"4":[65,42],"5":[13,29]}}
,"/Users/soroshnazari/Desktop/UNI/25_26-WiSe/Projekt/A6/RentACar/frontend/src/lib/api.ts": {"path":"/Users/soroshnazari/Desktop/UNI/25_26-WiSe/Projekt/A6/RentACar/frontend/src/lib/api.ts","statementMap":{"0":{"start":{"line":1,"column":0},"end":{"line":1,"column":56}},"1":{"start":{"line":12,"column":21},"end":{"line":12,"column":27}},"2":{"start":{"line":15,"column":10},"end":{"line":15,"column":null}},"3":{"start":{"line":18,"column":20},"end":{"line":23,"column":36}},"4":{"start":{"line":24,"column":4},"end":{"line":24,"column":null}},"5":{"start":{"line":27,"column":4},"end":{"line":33,"column":null}},"6":{"start":{"line":28,"column":20},"end":{"line":28,"column":53}},"7":{"start":{"line":29,"column":6},"end":{"line":31,"column":7}},"8":{"start":{"line":30,"column":8},"end":{"line":30,"column":null}},"9":{"start":{"line":32,"column":6},"end":{"line":32,"column":null}},"10":{"start":{"line":36,"column":4},"end":{"line":50,"column":null}},"11":{"start":{"line":38,"column":8},"end":{"line":38,"column":null}},"12":{"start":{"line":39,"column":8},"end":{"line":39,"column":null}},"13":{"start":{"line":42,"column":8},"end":{"line":42,"column":null}},"14":{"start":{"line":43,"column":8},"end":{"line":47,"column":9}},"15":{"start":{"line":44,"column":10},"end":{"line":44,"column":null}},"16":{"start":{"line":45,"column":10},"end":{"line":45,"column":null}},"17":{"start":{"line":46,"column":10},"end":{"line":46,"column":null}},"18":{"start":{"line":48,"column":8},"end":{"line":48,"column":null}},"19":{"start":{"line":55,"column":21},"end":{"line":59,"column":45}},"20":{"start":{"line":61,"column":4},"end":{"line":71,"column":5}},"21":{"start":{"line":62,"column":20},"end":{"line":62,"column":51}},"22":{"start":{"line":63,"column":6},"end":{"line":63,"column":null}},"23":{"start":{"line":64,"column":6},"end":{"line":64,"column":null}},"24":{"start":{"line":65,"column":20},"end":{"line":65,"column":81}},"25":{"start":{"line":66,"column":6},"end":{"line":70,"column":7}},"26":{"start":{"line":67,"column":24},"end":{"line":67,"column":84}},"27":{"start":{"line":68,"column":8},"end":{"line":68,"column":null}},"28":{"start":{"line":69,"column":8},"end":{"line":69,"column":null}},"29":{"start":{"line":73,"column":4},"end":{"line":73,"column":null}},"30":{"start":{"line":77,"column":4},"end":{"line":77,"column":null}},"31":{"start":{"line":78,"column":4},"end":{"line":78,"column":null}},"32":{"start":{"line":79,"column":4},"end":{"line":79,"column":null}},"33":{"start":{"line":83,"column":4},"end":{"line":83,"column":null}},"34":{"start":{"line":87,"column":4},"end":{"line":87,"column":null}},"35":{"start":{"line":91,"column":4},"end":{"line":96,"column":5}},"36":{"start":{"line":92,"column":18},"end":{"line":92,"column":51}},"37":{"start":{"line":93,"column":6},"end":{"line":93,"column":null}},"38":{"start":{"line":95,"column":6},"end":{"line":95,"column":null}},"39":{"start":{"line":101,"column":21},"end":{"line":101,"column":66}},"40":{"start":{"line":102,"column":4},"end":{"line":102,"column":null}},"41":{"start":{"line":106,"column":21},"end":{"line":106,"column":70}},"42":{"start":{"line":107,"column":4},"end":{"line":107,"column":null}},"43":{"start":{"line":116,"column":21},"end":{"line":123,"column":6}},"44":{"start":{"line":124,"column":4},"end":{"line":124,"column":null}},"45":{"start":{"line":129,"column":21},"end":{"line":129,"column":74}},"46":{"start":{"line":130,"column":4},"end":{"line":130,"column":null}},"47":{"start":{"line":134,"column":4},"end":{"line":134,"column":null}},"48":{"start":{"line":138,"column":4},"end":{"line":138,"column":null}},"49":{"start":{"line":142,"column":21},"end":{"line":142,"column":89}},"50":{"start":{"line":143,"column":4},"end":{"line":143,"column":null}},"51":{"start":{"line":147,"column":21},"end":{"line":147,"column":96}},"52":{"start":{"line":148,"column":4},"end":{"line":148,"column":null}},"53":{"start":{"line":152,"column":21},"end":{"line":152,"column":97}},"54":{"start":{"line":153,"column":4},"end":{"line":153,"column":null}},"55":{"start":{"line":157,"column":21},"end":{"line":157,"column":99}},"56":{"start":{"line":158,"column":4},"end":{"line":158,"column":null}},"57":{"start":{"line":162,"column":21},"end":{"line":162,"column":96}},"58":{"start":{"line":163,"column":4},"end":{"line":163,"column":null}},"59":{"start":{"line":167,"column":21},"end":{"line":167,"column":87}},"60":{"start":{"line":168,"column":4},"end":{"line":168,"column":null}},"61":{"start":{"line":173,"column":21},"end":{"line":173,"column":85}},"62":{"start":{"line":174,"column":4},"end":{"line":174,"column":null}},"63":{"start":{"line":178,"column":21},"end":{"line":178,"column":67}},"64":{"start":{"line":179,"column":14},"end":{"line":179,"column":33}},"65":{"start":{"line":180,"column":22},"end":{"line":185,"column":5}},"66":{"start":{"line":181,"column":6},"end":{"line":181,"column":null}},"67":{"start":{"line":181,"column":23},"end":{"line":181,"column":null}},"68":{"start":{"line":182,"column":6},"end":{"line":182,"column":null}},"69":{"start":{"line":182,"column":35},"end":{"line":182,"column":null}},"70":{"start":{"line":183,"column":6},"end":{"line":183,"column":null}},"71":{"start":{"line":183,"column":62},"end":{"line":183,"column":null}},"72":{"start":{"line":184,"column":6},"end":{"line":184,"column":null}},"73":{"start":{"line":186,"column":4},"end":{"line":197,"column":null}},"74":{"start":{"line":201,"column":21},"end":{"line":201,"column":82}},"75":{"start":{"line":202,"column":14},"end":{"line":202,"column":33}},"76":{"start":{"line":203,"column":22},"end":{"line":208,"column":5}},"77":{"start":{"line":204,"column":6},"end":{"line":204,"column":null}},"78":{"start":{"line":204,"column":23},"end":{"line":204,"column":null}},"79":{"start":{"line":205,"column":6},"end":{"line":205,"column":null}},"80":{"start":{"line":205,"column":35},"end":{"line":205,"column":null}},"81":{"start":{"line":206,"column":6},"end":{"line":206,"column":null}},"82":{"start":{"line":206,"column":62},"end":{"line":206,"column":null}},"83":{"start":{"line":207,"column":6},"end":{"line":207,"column":null}},"84":{"start":{"line":209,"column":4},"end":{"line":220,"column":null}},"85":{"start":{"line":224,"column":21},"end":{"line":224,"column":69}},"86":{"start":{"line":225,"column":4},"end":{"line":225,"column":null}},"87":{"start":{"line":229,"column":21},"end":{"line":229,"column":81}},"88":{"start":{"line":230,"column":4},"end":{"line":230,"column":null}},"89":{"start":{"line":14,"column":0},"end":{"line":14,"column":13}},"90":{"start":{"line":234,"column":13},"end":{"line":234,"column":null}}},"fnMap":{"0":{"name":"(anonymous_1)","decl":{"start":{"line":17,"column":2},"end":{"line":17,"column":14}},"loc":{"start":{"line":17,"column":36},"end":{"line":51,"column":3}}},"1":{"name":"(anonymous_2)","decl":{"start":{"line":27,"column":43},"end":{"line":27,"column":44}},"loc":{"start":{"line":27,"column":54},"end":{"line":33,"column":5}}},"2":{"name":"(anonymous_3)","decl":{"start":{"line":37,"column":6},"end":{"line":37,"column":7}},"loc":{"start":{"line":37,"column":19},"end":{"line":40,"column":7}}},"3":{"name":"(anonymous_4)","decl":{"start":{"line":41,"column":6},"end":{"line":41,"column":7}},"loc":{"start":{"line":41,"column":28},"end":{"line":49,"column":7}}},"4":{"name":"(anonymous_5)","decl":{"start":{"line":54,"column":2},"end":{"line":54,"column":7}},"loc":{"start":{"line":54,"column":48},"end":{"line":74,"column":3}}},"5":{"name":"(anonymous_6)","decl":{"start":{"line":76,"column":2},"end":{"line":76,"column":8}},"loc":{"start":{"line":76,"column":8},"end":{"line":80,"column":3}}},"6":{"name":"(anonymous_7)","decl":{"start":{"line":82,"column":2},"end":{"line":82,"column":17}},"loc":{"start":{"line":82,"column":17},"end":{"line":84,"column":3}}},"7":{"name":"(anonymous_8)","decl":{"start":{"line":86,"column":2},"end":{"line":86,"column":13}},"loc":{"start":{"line":86,"column":13},"end":{"line":88,"column":3}}},"8":{"name":"(anonymous_9)","decl":{"start":{"line":90,"column":2},"end":{"line":90,"column":14}},"loc":{"start":{"line":90,"column":14},"end":{"line":97,"column":3}}},"9":{"name":"(anonymous_10)","decl":{"start":{"line":100,"column":2},"end":{"line":100,"column":7}},"loc":{"start":{"line":100,"column":22},"end":{"line":103,"column":3}}},"10":{"name":"(anonymous_11)","decl":{"start":{"line":105,"column":2},"end":{"line":105,"column":7}},"loc":{"start":{"line":105,"column":33},"end":{"line":108,"column":3}}},"11":{"name":"(anonymous_12)","decl":{"start":{"line":110,"column":2},"end":{"line":110,"column":7}},"loc":{"start":{"line":114,"column":19},"end":{"line":125,"column":3}}},"12":{"name":"(anonymous_13)","decl":{"start":{"line":128,"column":2},"end":{"line":128,"column":7}},"loc":{"start":{"line":128,"column":51},"end":{"line":131,"column":3}}},"13":{"name":"(anonymous_14)","decl":{"start":{"line":133,"column":2},"end":{"line":133,"column":7}},"loc":{"start":{"line":133,"column":33},"end":{"line":135,"column":3}}},"14":{"name":"(anonymous_15)","decl":{"start":{"line":137,"column":2},"end":{"line":137,"column":7}},"loc":{"start":{"line":137,"column":32},"end":{"line":139,"column":3}}},"15":{"name":"(anonymous_16)","decl":{"start":{"line":141,"column":2},"end":{"line":141,"column":7}},"loc":{"start":{"line":141,"column":44},"end":{"line":144,"column":3}}},"16":{"name":"(anonymous_17)","decl":{"start":{"line":146,"column":2},"end":{"line":146,"column":7}},"loc":{"start":{"line":146,"column":31},"end":{"line":149,"column":3}}},"17":{"name":"(anonymous_18)","decl":{"start":{"line":151,"column":2},"end":{"line":151,"column":7}},"loc":{"start":{"line":151,"column":38},"end":{"line":154,"column":3}}},"18":{"name":"(anonymous_19)","decl":{"start":{"line":156,"column":2},"end":{"line":156,"column":7}},"loc":{"start":{"line":156,"column":66},"end":{"line":159,"column":3}}},"19":{"name":"(anonymous_20)","decl":{"start":{"line":161,"column":2},"end":{"line":161,"column":7}},"loc":{"start":{"line":161,"column":31},"end":{"line":164,"column":3}}},"20":{"name":"(anonymous_21)","decl":{"start":{"line":166,"column":2},"end":{"line":166,"column":7}},"loc":{"start":{"line":166,"column":156},"end":{"line":169,"column":3}}},"21":{"name":"(anonymous_22)","decl":{"start":{"line":172,"column":2},"end":{"line":172,"column":7}},"loc":{"start":{"line":172,"column":57},"end":{"line":175,"column":3}}},"22":{"name":"(anonymous_23)","decl":{"start":{"line":177,"column":2},"end":{"line":177,"column":7}},"loc":{"start":{"line":177,"column":34},"end":{"line":198,"column":3}}},"23":{"name":"(anonymous_24)","decl":{"start":{"line":180,"column":22},"end":{"line":180,"column":23}},"loc":{"start":{"line":180,"column":43},"end":{"line":185,"column":5}}},"24":{"name":"(anonymous_25)","decl":{"start":{"line":200,"column":2},"end":{"line":200,"column":7}},"loc":{"start":{"line":200,"column":46},"end":{"line":221,"column":3}}},"25":{"name":"(anonymous_26)","decl":{"start":{"line":203,"column":22},"end":{"line":203,"column":23}},"loc":{"start":{"line":203,"column":43},"end":{"line":208,"column":5}}},"26":{"name":"(anonymous_27)","decl":{"start":{"line":223,"column":2},"end":{"line":223,"column":7}},"loc":{"start":{"line":223,"column":21},"end":{"line":226,"column":3}}},"27":{"name":"(anonymous_28)","decl":{"start":{"line":228,"column":2},"end":{"line":228,"column":7}},"loc":{"start":{"line":228,"column":65},"end":{"line":231,"column":3}}}},"branchMap":{"0":{"loc":{"start":{"line":18,"column":20},"end":{"line":23,"column":36}},"type":"binary-expr","locations":[{"start":{"line":18,"column":20},"end":{"line":18,"column":26}},{"start":{"line":18,"column":31},"end":{"line":23,"column":36}}]},"1":{"loc":{"start":{"line":24,"column":19},"end":{"line":24,"column":65}},"type":"binary-expr","locations":[{"start":{"line":24,"column":19},"end":{"line":24,"column":26}},{"start":{"line":24,"column":31},"end":{"line":24,"column":65}}]},"2":{"loc":{"start":{"line":29,"column":6},"end":{"line":31,"column":7}},"type":"if","locations":[{"start":{"line":29,"column":6},"end":{"line":31,"column":7}},{"start":{},"end":{}}]},"3":{"loc":{"start":{"line":43,"column":8},"end":{"line":47,"column":9}},"type":"if","locations":[{"start":{"line":43,"column":8},"end":{"line":47,"column":9}},{"start":{},"end":{}}]},"4":{"loc":{"start":{"line":61,"column":4},"end":{"line":71,"column":5}},"type":"if","locations":[{"start":{"line":61,"column":4},"end":{"line":71,"column":5}},{"start":{},"end":{}}]},"5":{"loc":{"start":{"line":65,"column":20},"end":{"line":65,"column":81}},"type":"cond-expr","locations":[{"start":{"line":65,"column":57},"end":{"line":65,"column":76}},{"start":{"line":65,"column":79},"end":{"line":65,"column":81}}]},"6":{"loc":{"start":{"line":66,"column":6},"end":{"line":70,"column":7}},"type":"if","locations":[{"start":{"line":66,"column":6},"end":{"line":70,"column":7}},{"start":{},"end":{}}]},"7":{"loc":{"start":{"line":67,"column":24},"end":{"line":67,"column":84}},"type":"cond-expr","locations":[{"start":{"line":67,"column":58},"end":{"line":67,"column":73}},{"start":{"line":67,"column":76},"end":{"line":67,"column":84}}]},"8":{"loc":{"start":{"line":93,"column":13},"end":{"line":93,"column":39}},"type":"cond-expr","locations":[{"start":{"line":93,"column":19},"end":{"line":93,"column":34}},{"start":{"line":93,"column":37},"end":{"line":93,"column":39}}]},"9":{"loc":{"start":{"line":179,"column":14},"end":{"line":179,"column":33}},"type":"binary-expr","locations":[{"start":{"line":179,"column":14},"end":{"line":179,"column":27}},{"start":{"line":179,"column":31},"end":{"line":179,"column":33}}]},"10":{"loc":{"start":{"line":181,"column":6},"end":{"line":181,"column":null}},"type":"if","locations":[{"start":{"line":181,"column":6},"end":{"line":181,"column":null}},{"start":{},"end":{}}]},"11":{"loc":{"start":{"line":182,"column":6},"end":{"line":182,"column":null}},"type":"if","locations":[{"start":{"line":182,"column":6},"end":{"line":182,"column":null}},{"start":{},"end":{}}]},"12":{"loc":{"start":{"line":183,"column":6},"end":{"line":183,"column":null}},"type":"if","locations":[{"start":{"line":183,"column":6},"end":{"line":183,"column":null}},{"start":{},"end":{}}]},"13":{"loc":{"start":{"line":183,"column":10},"end":{"line":183,"column":60}},"type":"binary-expr","locations":[{"start":{"line":183,"column":10},"end":{"line":183,"column":33}},{"start":{"line":183,"column":37},"end":{"line":183,"column":60}}]},"14":{"loc":{"start":{"line":183,"column":76},"end":{"line":183,"column":115}},"type":"cond-expr","locations":[{"start":{"line":183,"column":97},"end":{"line":183,"column":110}},{"start":{"line":183,"column":113},"end":{"line":183,"column":115}}]},"15":{"loc":{"start":{"line":202,"column":14},"end":{"line":202,"column":33}},"type":"binary-expr","locations":[{"start":{"line":202,"column":14},"end":{"line":202,"column":27}},{"start":{"line":202,"column":31},"end":{"line":202,"column":33}}]},"16":{"loc":{"start":{"line":204,"column":6},"end":{"line":204,"column":null}},"type":"if","locations":[{"start":{"line":204,"column":6},"end":{"line":204,"column":null}},{"start":{},"end":{}}]},"17":{"loc":{"start":{"line":205,"column":6},"end":{"line":205,"column":null}},"type":"if","locations":[{"start":{"line":205,"column":6},"end":{"line":205,"column":null}},{"start":{},"end":{}}]},"18":{"loc":{"start":{"line":206,"column":6},"end":{"line":206,"column":null}},"type":"if","locations":[{"start":{"line":206,"column":6},"end":{"line":206,"column":null}},{"start":{},"end":{}}]},"19":{"loc":{"start":{"line":206,"column":10},"end":{"line":206,"column":60}},"type":"binary-expr","locations":[{"start":{"line":206,"column":10},"end":{"line":206,"column":33}},{"start":{"line":206,"column":37},"end":{"line":206,"column":60}}]},"20":{"loc":{"start":{"line":206,"column":76},"end":{"line":206,"column":115}},"type":"cond-expr","locations":[{"start":{"line":206,"column":97},"end":{"line":206,"column":110}},{"start":{"line":206,"column":113},"end":{"line":206,"column":115}}]}},"s":{"0":8,"1":8,"2":36,"3":36,"4":36,"5":36,"6":0,"7":0,"8":0,"9":0,"10":36,"11":0,"12":0,"13":0,"14":0,"15":0,"16":0,"17":0,"18":0,"19":3,"20":3,"21":3,"22":3,"23":3,"24":3,"25":3,"26":3,"27":3,"28":3,"29":3,"30":3,"31":3,"32":3,"33":6,"34":4,"35":3,"36":3,"37":3,"38":1,"39":2,"40":2,"41":2,"42":2,"43":2,"44":2,"45":2,"46":2,"47":1,"48":1,"49":1,"50":1,"51":1,"52":1,"53":1,"54":1,"55":1,"56":1,"57":1,"58":1,"59":1,"60":1,"61":1,"62":1,"63":1,"64":1,"65":1,"66":4,"67":0,"68":4,"69":2,"70":2,"71":2,"72":0,"73":1,"74":1,"75":1,"76":1,"77":4,"78":0,"79":4,"80":4,"81":0,"82":0,"83":0,"84":1,"85":1,"86":1,"87":1,"88":1,"89":8,"90":8},"f":{"0":36,"1":0,"2":0,"3":0,"4":3,"5":3,"6":6,"7":4,"8":3,"9":2,"10":2,"11":2,"12":2,"13":1,"14":1,"15":1,"16":1,"17":1,"18":1,"19":1,"20":1,"21":1,"22":1,"23":4,"24":1,"25":4,"26":1,"27":1},"b":{"0":[36,8],"1":[36,5],"2":[0,0],"3":[0,0],"4":[3,0],"5":[3,0],"6":[3,0],"7":[2,1],"8":[2,1],"9":[1,0],"10":[0,4],"11":[2,2],"12":[2,0],"13":[2,2],"14":[1,1],"15":[1,0],"16":[0,4],"17":[4,0],"18":[0,0],"19":[0,0],"20":[0,0]}}
,"/Users/soroshnazari/Desktop/UNI/25_26-WiSe/Projekt/A6/RentACar/frontend/src/pages/AboutUsPage.tsx": {"path":"/Users/soroshnazari/Desktop/UNI/25_26-WiSe/Projekt/A6/RentACar/frontend/src/pages/AboutUsPage.tsx","statementMap":{"0":{"start":{"line":1,"column":0},"end":{"line":1,"column":39}},"1":{"start":{"line":3,"column":20},"end":{"line":43,"column":1}},"2":{"start":{"line":4,"column":2},"end":{"line":42,"column":null}},"3":{"start":{"line":45,"column":0},"end":{"line":45,"column":null}}},"fnMap":{"0":{"name":"(anonymous_0)","decl":{"start":{"line":3,"column":20},"end":{"line":3,"column":23}},"loc":{"start":{"line":3,"column":25},"end":{"line":43,"column":1}}}},"branchMap":{},"s":{"0":1,"1":1,"2":2,"3":1},"f":{"0":2},"b":{}}
,"/Users/soroshnazari/Desktop/UNI/25_26-WiSe/Projekt/A6/RentACar/frontend/src/pages/BookingFlowPage.tsx": {"path":"/Users/soroshnazari/Desktop/UNI/25_26-WiSe/Projekt/A6/RentACar/frontend/src/pages/BookingFlowPage.tsx","statementMap":{"0":{"start":{"line":1,"column":0},"end":{"line":1,"column":43}},"1":{"start":{"line":2,"column":0},"end":{"line":2,"column":74}},"2":{"start":{"line":3,"column":0},"end":{"line":3,"column":31}},"3":{"start":{"line":4,"column":0},"end":{"line":4,"column":69}},"4":{"start":{"line":9,"column":24},"end":{"line":604,"column":1}},"5":{"start":{"line":10,"column":24},"end":{"line":10,"column":58}},"6":{"start":{"line":11,"column":25},"end":{"line":11,"column":42}},"7":{"start":{"line":12,"column":19},"end":{"line":12,"column":32}},"8":{"start":{"line":13,"column":40},"end":{"line":13,"column":70}},"9":{"start":{"line":14,"column":32},"end":{"line":14,"column":62}},"10":{"start":{"line":15,"column":34},"end":{"line":15,"column":65}},"11":{"start":{"line":16,"column":32},"end":{"line":16,"column":46}},"12":{"start":{"line":18,"column":25},"end":{"line":19,"column":89}},"13":{"start":{"line":19,"column":4},"end":{"line":19,"column":89}},"14":{"start":{"line":22,"column":38},"end":{"line":22,"column":84}},"15":{"start":{"line":23,"column":38},"end":{"line":23,"column":55}},"16":{"start":{"line":24,"column":40},"end":{"line":24,"column":87}},"17":{"start":{"line":25,"column":40},"end":{"line":25,"column":57}},"18":{"start":{"line":28,"column":48},"end":{"line":35,"column":4}},"19":{"start":{"line":38,"column":44},"end":{"line":38,"column":79}},"20":{"start":{"line":39,"column":40},"end":{"line":44,"column":4}},"21":{"start":{"line":45,"column":30},"end":{"line":49,"column":4}},"22":{"start":{"line":51,"column":2},"end":{"line":58,"column":null}},"23":{"start":{"line":52,"column":4},"end":{"line":54,"column":5}},"24":{"start":{"line":53,"column":6},"end":{"line":53,"column":null}},"25":{"start":{"line":55,"column":4},"end":{"line":57,"column":5}},"26":{"start":{"line":56,"column":6},"end":{"line":56,"column":null}},"27":{"start":{"line":60,"column":22},"end":{"line":70,"column":3}},"28":{"start":{"line":61,"column":4},"end":{"line":61,"column":26}},"29":{"start":{"line":61,"column":20},"end":{"line":61,"column":26}},"30":{"start":{"line":62,"column":4},"end":{"line":69,"column":5}},"31":{"start":{"line":63,"column":19},"end":{"line":63,"column":62}},"32":{"start":{"line":64,"column":6},"end":{"line":64,"column":null}},"33":{"start":{"line":66,"column":6},"end":{"line":66,"column":null}},"34":{"start":{"line":68,"column":6},"end":{"line":68,"column":null}},"35":{"start":{"line":72,"column":23},"end":{"line":94,"column":3}},"36":{"start":{"line":73,"column":4},"end":{"line":93,"column":5}},"37":{"start":{"line":75,"column":6},"end":{"line":81,"column":7}},"38":{"start":{"line":76,"column":8},"end":{"line":76,"column":null}},"39":{"start":{"line":78,"column":25},"end":{"line":78,"column":63}},"40":{"start":{"line":79,"column":8},"end":{"line":79,"column":null}},"41":{"start":{"line":79,"column":23},"end":{"line":79,"column":null}},"42":{"start":{"line":80,"column":8},"end":{"line":80,"column":null}},"43":{"start":{"line":82,"column":6},"end":{"line":82,"column":null}},"44":{"start":{"line":83,"column":6},"end":{"line":90,"column":null}},"45":{"start":{"line":92,"column":6},"end":{"line":92,"column":null}},"46":{"start":{"line":96,"column":25},"end":{"line":107,"column":3}},"47":{"start":{"line":97,"column":4},"end":{"line":97,"column":null}},"48":{"start":{"line":97,"column":49},"end":{"line":97,"column":null}},"49":{"start":{"line":98,"column":18},"end":{"line":98,"column":38}},"50":{"start":{"line":99,"column":16},"end":{"line":99,"column":37}},"51":{"start":{"line":100,"column":17},"end":{"line":100,"column":89}},"52":{"start":{"line":101,"column":22},"end":{"line":101,"column":47}},"53":{"start":{"line":103,"column":6},"end":{"line":103,"column":107}},"54":{"start":{"line":104,"column":21},"end":{"line":104,"column":43}},"55":{"start":{"line":105,"column":18},"end":{"line":105,"column":33}},"56":{"start":{"line":106,"column":4},"end":{"line":106,"column":null}},"57":{"start":{"line":109,"column":34},"end":{"line":115,"column":3}},"58":{"start":{"line":110,"column":4},"end":{"line":113,"column":5}},"59":{"start":{"line":111,"column":6},"end":{"line":111,"column":null}},"60":{"start":{"line":112,"column":6},"end":{"line":112,"column":12}},"61":{"start":{"line":114,"column":4},"end":{"line":114,"column":null}},"62":{"start":{"line":117,"column":34},"end":{"line":123,"column":3}},"63":{"start":{"line":118,"column":4},"end":{"line":121,"column":5}},"64":{"start":{"line":119,"column":6},"end":{"line":119,"column":null}},"65":{"start":{"line":120,"column":6},"end":{"line":120,"column":12}},"66":{"start":{"line":122,"column":4},"end":{"line":122,"column":null}},"67":{"start":{"line":125,"column":31},"end":{"line":149,"column":3}},"68":{"start":{"line":126,"column":4},"end":{"line":130,"column":5}},"69":{"start":{"line":127,"column":6},"end":{"line":127,"column":null}},"70":{"start":{"line":128,"column":6},"end":{"line":128,"column":null}},"71":{"start":{"line":129,"column":6},"end":{"line":129,"column":12}},"72":{"start":{"line":132,"column":4},"end":{"line":148,"column":5}},"73":{"start":{"line":133,"column":6},"end":{"line":143,"column":null}},"74":{"start":{"line":144,"column":6},"end":{"line":144,"column":null}},"75":{"start":{"line":146,"column":6},"end":{"line":146,"column":null}},"76":{"start":{"line":147,"column":6},"end":{"line":147,"column":null}},"77":{"start":{"line":151,"column":16},"end":{"line":155,"column":null}},"78":{"start":{"line":157,"column":2},"end":{"line":163,"column":3}},"79":{"start":{"line":158,"column":4},"end":{"line":162,"column":null}},"80":{"start":{"line":165,"column":2},"end":{"line":171,"column":3}},"81":{"start":{"line":166,"column":4},"end":{"line":170,"column":null}},"82":{"start":{"line":173,"column":2},"end":{"line":603,"column":null}},"83":{"start":{"line":192,"column":41},"end":{"line":192,"column":70}},"84":{"start":{"line":202,"column":41},"end":{"line":202,"column":70}},"85":{"start":{"line":216,"column":41},"end":{"line":216,"column":71}},"86":{"start":{"line":226,"column":41},"end":{"line":226,"column":71}},"87":{"start":{"line":234,"column":35},"end":{"line":234,"column":68}},"88":{"start":{"line":257,"column":22},"end":{"line":257,"column":90}},"89":{"start":{"line":271,"column":22},"end":{"line":271,"column":87}},"90":{"start":{"line":285,"column":22},"end":{"line":285,"column":87}},"91":{"start":{"line":299,"column":22},"end":{"line":299,"column":95}},"92":{"start":{"line":311,"column":22},"end":{"line":311,"column":89}},"93":{"start":{"line":323,"column":22},"end":{"line":326,"column":24}},"94":{"start":{"line":336,"column":35},"end":{"line":336,"column":58}},"95":{"start":{"line":363,"column":37},"end":{"line":363,"column":90}},"96":{"start":{"line":372,"column":37},"end":{"line":372,"column":97}},"97":{"start":{"line":381,"column":37},"end":{"line":381,"column":90}},"98":{"start":{"line":389,"column":33},"end":{"line":389,"column":57}},"99":{"start":{"line":399,"column":33},"end":{"line":399,"column":59}},"100":{"start":{"line":419,"column":24},"end":{"line":419,"column":86}},"101":{"start":{"line":433,"column":24},"end":{"line":433,"column":90}},"102":{"start":{"line":448,"column":26},"end":{"line":448,"column":88}},"103":{"start":{"line":460,"column":26},"end":{"line":460,"column":81}},"104":{"start":{"line":505,"column":32},"end":{"line":505,"column":47}},"105":{"start":{"line":506,"column":32},"end":{"line":506,"column":48}},"106":{"start":{"line":507,"column":20},"end":{"line":516,"column":21}},"107":{"start":{"line":508,"column":22},"end":{"line":508,"column":null}},"108":{"start":{"line":509,"column":22},"end":{"line":512,"column":null}},"109":{"start":{"line":510,"column":24},"end":{"line":510,"column":null}},"110":{"start":{"line":511,"column":24},"end":{"line":511,"column":null}},"111":{"start":{"line":514,"column":22},"end":{"line":514,"column":null}},"112":{"start":{"line":515,"column":22},"end":{"line":515,"column":null}},"113":{"start":{"line":556,"column":38},"end":{"line":556,"column":58}},"114":{"start":{"line":557,"column":36},"end":{"line":557,"column":57}},"115":{"start":{"line":558,"column":37},"end":{"line":558,"column":109}},"116":{"start":{"line":559,"column":37},"end":{"line":559,"column":63}},"117":{"start":{"line":560,"column":24},"end":{"line":560,"column":null}},"118":{"start":{"line":568,"column":38},"end":{"line":568,"column":58}},"119":{"start":{"line":569,"column":36},"end":{"line":569,"column":57}},"120":{"start":{"line":570,"column":37},"end":{"line":570,"column":109}},"121":{"start":{"line":571,"column":43},"end":{"line":571,"column":144}},"122":{"start":{"line":572,"column":24},"end":{"line":572,"column":null}},"123":{"start":{"line":606,"column":0},"end":{"line":606,"column":null}},"124":{"start":{"line":607,"column":26},"end":{"line":623,"column":1}},"125":{"start":{"line":608,"column":2},"end":{"line":608,"column":null}},"126":{"start":{"line":608,"column":12},"end":{"line":608,"column":null}},"127":{"start":{"line":609,"column":2},"end":{"line":622,"column":3}},"128":{"start":{"line":610,"column":14},"end":{"line":610,"column":26}},"129":{"start":{"line":611,"column":4},"end":{"line":618,"column":5}},"130":{"start":{"line":612,"column":6},"end":{"line":612,"column":null}},"131":{"start":{"line":613,"column":6},"end":{"line":613,"column":null}},"132":{"start":{"line":614,"column":6},"end":{"line":614,"column":null}},"133":{"start":{"line":615,"column":6},"end":{"line":615,"column":null}},"134":{"start":{"line":615,"column":36},"end":{"line":615,"column":null}},"135":{"start":{"line":616,"column":6},"end":{"line":616,"column":null}},"136":{"start":{"line":616,"column":36},"end":{"line":616,"column":null}},"137":{"start":{"line":617,"column":6},"end":{"line":617,"column":null}},"138":{"start":{"line":619,"column":4},"end":{"line":619,"column":null}},"139":{"start":{"line":621,"column":4},"end":{"line":621,"column":null}}},"fnMap":{"0":{"name":"(anonymous_1)","decl":{"start":{"line":9,"column":24},"end":{"line":9,"column":27}},"loc":{"start":{"line":9,"column":29},"end":{"line":604,"column":1}}},"1":{"name":"(anonymous_2)","decl":{"start":{"line":18,"column":25},"end":{"line":18,"column":26}},"loc":{"start":{"line":19,"column":4},"end":{"line":19,"column":89}}},"2":{"name":"(anonymous_3)","decl":{"start":{"line":51,"column":12},"end":{"line":51,"column":15}},"loc":{"start":{"line":51,"column":17},"end":{"line":58,"column":3}}},"3":{"name":"(anonymous_4)","decl":{"start":{"line":60,"column":22},"end":{"line":60,"column":27}},"loc":{"start":{"line":60,"column":33},"end":{"line":70,"column":3}}},"4":{"name":"(anonymous_5)","decl":{"start":{"line":72,"column":23},"end":{"line":72,"column":28}},"loc":{"start":{"line":72,"column":34},"end":{"line":94,"column":3}}},"5":{"name":"(anonymous_6)","decl":{"start":{"line":96,"column":25},"end":{"line":96,"column":28}},"loc":{"start":{"line":96,"column":30},"end":{"line":107,"column":3}}},"6":{"name":"(anonymous_7)","decl":{"start":{"line":109,"column":34},"end":{"line":109,"column":37}},"loc":{"start":{"line":109,"column":39},"end":{"line":115,"column":3}}},"7":{"name":"(anonymous_8)","decl":{"start":{"line":117,"column":34},"end":{"line":117,"column":37}},"loc":{"start":{"line":117,"column":39},"end":{"line":123,"column":3}}},"8":{"name":"(anonymous_9)","decl":{"start":{"line":125,"column":31},"end":{"line":125,"column":36}},"loc":{"start":{"line":125,"column":42},"end":{"line":149,"column":3}}},"9":{"name":"(anonymous_10)","decl":{"start":{"line":192,"column":34},"end":{"line":192,"column":35}},"loc":{"start":{"line":192,"column":41},"end":{"line":192,"column":70}}},"10":{"name":"(anonymous_11)","decl":{"start":{"line":202,"column":34},"end":{"line":202,"column":35}},"loc":{"start":{"line":202,"column":41},"end":{"line":202,"column":70}}},"11":{"name":"(anonymous_12)","decl":{"start":{"line":216,"column":34},"end":{"line":216,"column":35}},"loc":{"start":{"line":216,"column":41},"end":{"line":216,"column":71}}},"12":{"name":"(anonymous_13)","decl":{"start":{"line":226,"column":34},"end":{"line":226,"column":35}},"loc":{"start":{"line":226,"column":41},"end":{"line":226,"column":71}}},"13":{"name":"(anonymous_14)","decl":{"start":{"line":234,"column":29},"end":{"line":234,"column":32}},"loc":{"start":{"line":234,"column":35},"end":{"line":234,"column":68}}},"14":{"name":"(anonymous_15)","decl":{"start":{"line":256,"column":30},"end":{"line":256,"column":31}},"loc":{"start":{"line":257,"column":22},"end":{"line":257,"column":90}}},"15":{"name":"(anonymous_16)","decl":{"start":{"line":270,"column":30},"end":{"line":270,"column":31}},"loc":{"start":{"line":271,"column":22},"end":{"line":271,"column":87}}},"16":{"name":"(anonymous_17)","decl":{"start":{"line":284,"column":30},"end":{"line":284,"column":31}},"loc":{"start":{"line":285,"column":22},"end":{"line":285,"column":87}}},"17":{"name":"(anonymous_18)","decl":{"start":{"line":298,"column":30},"end":{"line":298,"column":31}},"loc":{"start":{"line":299,"column":22},"end":{"line":299,"column":95}}},"18":{"name":"(anonymous_19)","decl":{"start":{"line":310,"column":30},"end":{"line":310,"column":31}},"loc":{"start":{"line":311,"column":22},"end":{"line":311,"column":89}}},"19":{"name":"(anonymous_20)","decl":{"start":{"line":322,"column":30},"end":{"line":322,"column":31}},"loc":{"start":{"line":323,"column":22},"end":{"line":326,"column":24}}},"20":{"name":"(anonymous_21)","decl":{"start":{"line":336,"column":29},"end":{"line":336,"column":32}},"loc":{"start":{"line":336,"column":35},"end":{"line":336,"column":58}}},"21":{"name":"(anonymous_22)","decl":{"start":{"line":363,"column":30},"end":{"line":363,"column":31}},"loc":{"start":{"line":363,"column":37},"end":{"line":363,"column":90}}},"22":{"name":"(anonymous_23)","decl":{"start":{"line":372,"column":30},"end":{"line":372,"column":31}},"loc":{"start":{"line":372,"column":37},"end":{"line":372,"column":97}}},"23":{"name":"(anonymous_24)","decl":{"start":{"line":381,"column":30},"end":{"line":381,"column":31}},"loc":{"start":{"line":381,"column":37},"end":{"line":381,"column":90}}},"24":{"name":"(anonymous_25)","decl":{"start":{"line":389,"column":27},"end":{"line":389,"column":30}},"loc":{"start":{"line":389,"column":33},"end":{"line":389,"column":57}}},"25":{"name":"(anonymous_26)","decl":{"start":{"line":399,"column":27},"end":{"line":399,"column":30}},"loc":{"start":{"line":399,"column":33},"end":{"line":399,"column":59}}},"26":{"name":"(anonymous_27)","decl":{"start":{"line":418,"column":32},"end":{"line":418,"column":33}},"loc":{"start":{"line":419,"column":24},"end":{"line":419,"column":86}}},"27":{"name":"(anonymous_28)","decl":{"start":{"line":432,"column":32},"end":{"line":432,"column":33}},"loc":{"start":{"line":433,"column":24},"end":{"line":433,"column":90}}},"28":{"name":"(anonymous_29)","decl":{"start":{"line":447,"column":34},"end":{"line":447,"column":35}},"loc":{"start":{"line":448,"column":26},"end":{"line":448,"column":88}}},"29":{"name":"(anonymous_30)","decl":{"start":{"line":459,"column":34},"end":{"line":459,"column":35}},"loc":{"start":{"line":460,"column":26},"end":{"line":460,"column":81}}},"30":{"name":"(anonymous_31)","decl":{"start":{"line":504,"column":27},"end":{"line":504,"column":28}},"loc":{"start":{"line":504,"column":33},"end":{"line":517,"column":19}}},"31":{"name":"(anonymous_32)","decl":{"start":{"line":509,"column":36},"end":{"line":509,"column":39}},"loc":{"start":{"line":509,"column":41},"end":{"line":512,"column":23}}},"32":{"name":"(anonymous_33)","decl":{"start":{"line":555,"column":24},"end":{"line":555,"column":27}},"loc":{"start":{"line":555,"column":29},"end":{"line":561,"column":23}}},"33":{"name":"(anonymous_34)","decl":{"start":{"line":567,"column":24},"end":{"line":567,"column":27}},"loc":{"start":{"line":567,"column":29},"end":{"line":573,"column":23}}},"34":{"name":"(anonymous_35)","decl":{"start":{"line":607,"column":26},"end":{"line":607,"column":27}},"loc":{"start":{"line":607,"column":54},"end":{"line":623,"column":1}}}},"branchMap":{"0":{"loc":{"start":{"line":22,"column":47},"end":{"line":22,"column":83}},"type":"binary-expr","locations":[{"start":{"line":22,"column":47},"end":{"line":22,"column":77}},{"start":{"line":22,"column":81},"end":{"line":22,"column":83}}]},"1":{"loc":{"start":{"line":24,"column":49},"end":{"line":24,"column":86}},"type":"binary-expr","locations":[{"start":{"line":24,"column":49},"end":{"line":24,"column":80}},{"start":{"line":24,"column":84},"end":{"line":24,"column":86}}]},"2":{"loc":{"start":{"line":52,"column":4},"end":{"line":54,"column":5}},"type":"if","locations":[{"start":{"line":52,"column":4},"end":{"line":54,"column":5}},{"start":{},"end":{}}]},"3":{"loc":{"start":{"line":55,"column":4},"end":{"line":57,"column":5}},"type":"if","locations":[{"start":{"line":55,"column":4},"end":{"line":57,"column":5}},{"start":{},"end":{}}]},"4":{"loc":{"start":{"line":61,"column":4},"end":{"line":61,"column":26}},"type":"if","locations":[{"start":{"line":61,"column":4},"end":{"line":61,"column":26}},{"start":{},"end":{}}]},"5":{"loc":{"start":{"line":78,"column":25},"end":{"line":78,"column":63}},"type":"binary-expr","locations":[{"start":{"line":78,"column":25},"end":{"line":78,"column":57}},{"start":{"line":78,"column":61},"end":{"line":78,"column":63}}]},"6":{"loc":{"start":{"line":79,"column":8},"end":{"line":79,"column":null}},"type":"if","locations":[{"start":{"line":79,"column":8},"end":{"line":79,"column":null}},{"start":{},"end":{}}]},"7":{"loc":{"start":{"line":97,"column":4},"end":{"line":97,"column":null}},"type":"if","locations":[{"start":{"line":97,"column":4},"end":{"line":97,"column":null}},{"start":{},"end":{}}]},"8":{"loc":{"start":{"line":97,"column":8},"end":{"line":97,"column":47}},"type":"binary-expr","locations":[{"start":{"line":97,"column":8},"end":{"line":97,"column":16}},{"start":{"line":97,"column":20},"end":{"line":97,"column":31}},{"start":{"line":97,"column":35},"end":{"line":97,"column":47}}]},"9":{"loc":{"start":{"line":103,"column":15},"end":{"line":103,"column":40}},"type":"cond-expr","locations":[{"start":{"line":103,"column":34},"end":{"line":103,"column":36}},{"start":{"line":103,"column":39},"end":{"line":103,"column":40}}]},"10":{"loc":{"start":{"line":103,"column":45},"end":{"line":103,"column":76}},"type":"cond-expr","locations":[{"start":{"line":103,"column":71},"end":{"line":103,"column":72}},{"start":{"line":103,"column":75},"end":{"line":103,"column":76}}]},"11":{"loc":{"start":{"line":103,"column":81},"end":{"line":103,"column":105}},"type":"cond-expr","locations":[{"start":{"line":103,"column":100},"end":{"line":103,"column":101}},{"start":{"line":103,"column":104},"end":{"line":103,"column":105}}]},"12":{"loc":{"start":{"line":110,"column":4},"end":{"line":113,"column":5}},"type":"if","locations":[{"start":{"line":110,"column":4},"end":{"line":113,"column":5}},{"start":{},"end":{}}]},"13":{"loc":{"start":{"line":110,"column":8},"end":{"line":110,"column":35}},"type":"binary-expr","locations":[{"start":{"line":110,"column":8},"end":{"line":110,"column":19}},{"start":{"line":110,"column":23},"end":{"line":110,"column":35}}]},"14":{"loc":{"start":{"line":118,"column":4},"end":{"line":121,"column":5}},"type":"if","locations":[{"start":{"line":118,"column":4},"end":{"line":121,"column":5}},{"start":{},"end":{}}]},"15":{"loc":{"start":{"line":118,"column":8},"end":{"line":118,"column":119}},"type":"binary-expr","locations":[{"start":{"line":118,"column":8},"end":{"line":118,"column":33}},{"start":{"line":118,"column":37},"end":{"line":118,"column":59}},{"start":{"line":118,"column":63},"end":{"line":118,"column":85}},{"start":{"line":118,"column":89},"end":{"line":118,"column":119}}]},"16":{"loc":{"start":{"line":126,"column":4},"end":{"line":130,"column":5}},"type":"if","locations":[{"start":{"line":126,"column":4},"end":{"line":130,"column":5}},{"start":{},"end":{}}]},"17":{"loc":{"start":{"line":126,"column":8},"end":{"line":126,"column":29}},"type":"binary-expr","locations":[{"start":{"line":126,"column":8},"end":{"line":126,"column":16}},{"start":{"line":126,"column":20},"end":{"line":126,"column":29}}]},"18":{"loc":{"start":{"line":157,"column":2},"end":{"line":163,"column":3}},"type":"if","locations":[{"start":{"line":157,"column":2},"end":{"line":163,"column":3}},{"start":{},"end":{}}]},"19":{"loc":{"start":{"line":165,"column":2},"end":{"line":171,"column":3}},"type":"if","locations":[{"start":{"line":165,"column":2},"end":{"line":171,"column":3}},{"start":{},"end":{}}]},"20":{"loc":{"start":{"line":180,"column":11},"end":{"line":244,"column":null}},"type":"binary-expr","locations":[{"start":{"line":180,"column":11},"end":{"line":180,"column":34}},{"start":{"line":181,"column":12},"end":{"line":243,"column":null}}]},"21":{"loc":{"start":{"line":217,"column":29},"end":{"line":217,"column":81}},"type":"binary-expr","locations":[{"start":{"line":217,"column":29},"end":{"line":217,"column":39}},{"start":{"line":217,"column":43},"end":{"line":217,"column":81}}]},"22":{"loc":{"start":{"line":247,"column":11},"end":{"line":346,"column":null}},"type":"binary-expr","locations":[{"start":{"line":247,"column":11},"end":{"line":247,"column":36}},{"start":{"line":248,"column":12},"end":{"line":345,"column":null}}]},"23":{"loc":{"start":{"line":349,"column":11},"end":{"line":490,"column":null}},"type":"binary-expr","locations":[{"start":{"line":349,"column":11},"end":{"line":349,"column":36}},{"start":{"line":350,"column":10},"end":{"line":489,"column":null}}]},"24":{"loc":{"start":{"line":391,"column":20},"end":{"line":393,"column":null}},"type":"cond-expr","locations":[{"start":{"line":392,"column":24},"end":{"line":392,"column":51}},{"start":{"line":393,"column":24},"end":{"line":393,"column":null}}]},"25":{"loc":{"start":{"line":401,"column":20},"end":{"line":403,"column":null}},"type":"cond-expr","locations":[{"start":{"line":402,"column":24},"end":{"line":402,"column":51}},{"start":{"line":403,"column":24},"end":{"line":403,"column":null}}]},"26":{"loc":{"start":{"line":409,"column":15},"end":{"line":488,"column":null}},"type":"binary-expr","locations":[{"start":{"line":409,"column":15},"end":{"line":409,"column":39}},{"start":{"line":410,"column":16},"end":{"line":487,"column":null}}]},"27":{"loc":{"start":{"line":499,"column":15},"end":{"line":522,"column":null}},"type":"cond-expr","locations":[{"start":{"line":500,"column":16},"end":{"line":517,"column":null}},{"start":{"line":520,"column":16},"end":{"line":521,"column":null}}]},"28":{"loc":{"start":{"line":501,"column":23},"end":{"line":501,"column":170}},"type":"binary-expr","locations":[{"start":{"line":501,"column":24},"end":{"line":501,"column":163}},{"start":{"line":501,"column":168},"end":{"line":501,"column":170}}]},"29":{"loc":{"start":{"line":501,"column":24},"end":{"line":501,"column":163}},"type":"cond-expr","locations":[{"start":{"line":501,"column":62},"end":{"line":501,"column":144}},{"start":{"line":501,"column":147},"end":{"line":501,"column":163}}]},"30":{"loc":{"start":{"line":507,"column":20},"end":{"line":516,"column":21}},"type":"if","locations":[{"start":{"line":507,"column":20},"end":{"line":516,"column":21}},{"start":{"line":513,"column":27},"end":{"line":516,"column":21}}]},"31":{"loc":{"start":{"line":507,"column":24},"end":{"line":507,"column":70}},"type":"binary-expr","locations":[{"start":{"line":507,"column":24},"end":{"line":507,"column":63}},{"start":{"line":507,"column":67},"end":{"line":507,"column":70}}]},"32":{"loc":{"start":{"line":533,"column":17},"end":{"line":536,"column":null}},"type":"binary-expr","locations":[{"start":{"line":533,"column":17},"end":{"line":533,"column":27}},{"start":{"line":534,"column":18},"end":{"line":535,"column":null}}]},"33":{"loc":{"start":{"line":542,"column":17},"end":{"line":545,"column":null}},"type":"binary-expr","locations":[{"start":{"line":542,"column":17},"end":{"line":542,"column":28}},{"start":{"line":543,"column":18},"end":{"line":544,"column":null}}]},"34":{"loc":{"start":{"line":550,"column":15},"end":{"line":588,"column":null}},"type":"binary-expr","locations":[{"start":{"line":550,"column":15},"end":{"line":550,"column":25}},{"start":{"line":550,"column":29},"end":{"line":550,"column":40}},{"start":{"line":551,"column":16},"end":{"line":587,"column":null}}]},"35":{"loc":{"start":{"line":571,"column":52},"end":{"line":571,"column":77}},"type":"cond-expr","locations":[{"start":{"line":571,"column":71},"end":{"line":571,"column":73}},{"start":{"line":571,"column":76},"end":{"line":571,"column":77}}]},"36":{"loc":{"start":{"line":571,"column":82},"end":{"line":571,"column":113}},"type":"cond-expr","locations":[{"start":{"line":571,"column":108},"end":{"line":571,"column":109}},{"start":{"line":571,"column":112},"end":{"line":571,"column":113}}]},"37":{"loc":{"start":{"line":571,"column":118},"end":{"line":571,"column":142}},"type":"cond-expr","locations":[{"start":{"line":571,"column":137},"end":{"line":571,"column":138}},{"start":{"line":571,"column":141},"end":{"line":571,"column":142}}]},"38":{"loc":{"start":{"line":591,"column":13},"end":{"line":597,"column":null}},"type":"binary-expr","locations":[{"start":{"line":591,"column":13},"end":{"line":591,"column":38}},{"start":{"line":592,"column":14},"end":{"line":594,"column":null}}]},"39":{"loc":{"start":{"line":608,"column":2},"end":{"line":608,"column":null}},"type":"if","locations":[{"start":{"line":608,"column":2},"end":{"line":608,"column":null}},{"start":{},"end":{}}]},"40":{"loc":{"start":{"line":611,"column":4},"end":{"line":618,"column":5}},"type":"if","locations":[{"start":{"line":611,"column":4},"end":{"line":618,"column":5}},{"start":{},"end":{}}]},"41":{"loc":{"start":{"line":611,"column":8},"end":{"line":611,"column":72}},"type":"binary-expr","locations":[{"start":{"line":611,"column":8},"end":{"line":611,"column":40}},{"start":{"line":611,"column":44},"end":{"line":611,"column":72}}]},"42":{"loc":{"start":{"line":615,"column":6},"end":{"line":615,"column":null}},"type":"if","locations":[{"start":{"line":615,"column":6},"end":{"line":615,"column":null}},{"start":{},"end":{}}]},"43":{"loc":{"start":{"line":616,"column":6},"end":{"line":616,"column":null}},"type":"if","locations":[{"start":{"line":616,"column":6},"end":{"line":616,"column":null}},{"start":{},"end":{}}]}},"s":{"0":1,"1":1,"2":1,"3":1,"4":1,"5":24,"6":24,"7":24,"8":24,"9":24,"10":24,"11":24,"12":24,"13":52,"14":24,"15":24,"16":24,"17":24,"18":24,"19":24,"20":24,"21":24,"22":24,"23":4,"24":4,"25":4,"26":3,"27":24,"28":4,"29":0,"30":4,"31":4,"32":4,"33":0,"34":4,"35":24,"36":3,"37":3,"38":3,"39":0,"40":0,"41":0,"42":0,"43":3,"44":3,"45":0,"46":24,"47":26,"48":0,"49":26,"50":26,"51":26,"52":26,"53":26,"54":26,"55":26,"56":26,"57":24,"58":4,"59":1,"60":1,"61":3,"62":24,"63":3,"64":0,"65":0,"66":3,"67":24,"68":3,"69":1,"70":1,"71":1,"72":2,"73":2,"74":1,"75":1,"76":1,"77":24,"78":24,"79":4,"80":20,"81":0,"82":20,"83":3,"84":0,"85":3,"86":0,"87":0,"88":1,"89":1,"90":1,"91":1,"92":0,"93":0,"94":0,"95":0,"96":0,"97":0,"98":0,"99":0,"100":0,"101":0,"102":0,"103":0,"104":0,"105":0,"106":0,"107":0,"108":0,"109":0,"110":0,"111":0,"112":0,"113":13,"114":13,"115":13,"116":13,"117":13,"118":13,"119":13,"120":13,"121":13,"122":13,"123":1,"124":1,"125":0,"126":0,"127":0,"128":0,"129":0,"130":0,"131":0,"132":0,"133":0,"134":0,"135":0,"136":0,"137":0,"138":0,"139":0},"f":{"0":24,"1":52,"2":4,"3":4,"4":3,"5":26,"6":4,"7":3,"8":3,"9":3,"10":0,"11":3,"12":0,"13":0,"14":1,"15":1,"16":1,"17":1,"18":0,"19":0,"20":0,"21":0,"22":0,"23":0,"24":0,"25":0,"26":0,"27":0,"28":0,"29":0,"30":0,"31":0,"32":13,"33":13,"34":0},"b":{"0":[24,24],"1":[24,24],"2":[4,0],"3":[3,1],"4":[0,4],"5":[0,0],"6":[0,0],"7":[0,26],"8":[26,26,26],"9":[0,26],"10":[0,26],"11":[0,26],"12":[1,3],"13":[4,3],"14":[0,3],"15":[3,3,3,3],"16":[1,2],"17":[3,3],"18":[4,20],"19":[0,20],"20":[20,10],"21":[10,4],"22":[20,7],"23":[20,3],"24":[3,0],"25":[0,3],"26":[3,3],"27":[0,20],"28":[0,0],"29":[0,0],"30":[0,0],"31":[0,0],"32":[20,16],"33":[20,13],"34":[20,16,13],"35":[0,13],"36":[0,13],"37":[0,13],"38":[20,3],"39":[0,0],"40":[0,0],"41":[0,0],"42":[0,0],"43":[0,0]}}
,"/Users/soroshnazari/Desktop/UNI/25_26-WiSe/Projekt/A6/RentACar/frontend/src/pages/CustomerDashboardPage.tsx": {"path":"/Users/soroshnazari/Desktop/UNI/25_26-WiSe/Projekt/A6/RentACar/frontend/src/pages/CustomerDashboardPage.tsx","statementMap":{"0":{"start":{"line":1,"column":0},"end":{"line":1,"column":43}},"1":{"start":{"line":2,"column":0},"end":{"line":2,"column":46}},"2":{"start":{"line":3,"column":0},"end":{"line":3,"column":31}},"3":{"start":{"line":6,"column":30},"end":{"line":202,"column":1}},"4":{"start":{"line":7,"column":19},"end":{"line":7,"column":32}},"5":{"start":{"line":8,"column":34},"end":{"line":8,"column":65}},"6":{"start":{"line":9,"column":34},"end":{"line":9,"column":57}},"7":{"start":{"line":10,"column":32},"end":{"line":10,"column":46}},"8":{"start":{"line":12,"column":2},"end":{"line":23,"column":null}},"9":{"start":{"line":13,"column":4},"end":{"line":16,"column":5}},"10":{"start":{"line":14,"column":6},"end":{"line":14,"column":null}},"11":{"start":{"line":15,"column":6},"end":{"line":15,"column":12}},"12":{"start":{"line":17,"column":17},"end":{"line":17,"column":34}},"13":{"start":{"line":18,"column":4},"end":{"line":21,"column":5}},"14":{"start":{"line":19,"column":6},"end":{"line":19,"column":null}},"15":{"start":{"line":20,"column":6},"end":{"line":20,"column":12}},"16":{"start":{"line":22,"column":4},"end":{"line":22,"column":null}},"17":{"start":{"line":25,"column":19},"end":{"line":45,"column":3}},"18":{"start":{"line":26,"column":4},"end":{"line":44,"column":5}},"19":{"start":{"line":28,"column":6},"end":{"line":34,"column":7}},"20":{"start":{"line":29,"column":8},"end":{"line":29,"column":null}},"21":{"start":{"line":31,"column":25},"end":{"line":31,"column":63}},"22":{"start":{"line":32,"column":8},"end":{"line":32,"column":null}},"23":{"start":{"line":32,"column":23},"end":{"line":32,"column":null}},"24":{"start":{"line":33,"column":8},"end":{"line":33,"column":null}},"25":{"start":{"line":35,"column":6},"end":{"line":35,"column":null}},"26":{"start":{"line":36,"column":27},"end":{"line":36,"column":71}},"27":{"start":{"line":37,"column":6},"end":{"line":37,"column":null}},"28":{"start":{"line":39,"column":6},"end":{"line":39,"column":null}},"29":{"start":{"line":40,"column":6},"end":{"line":40,"column":null}},"30":{"start":{"line":41,"column":6},"end":{"line":41,"column":null}},"31":{"start":{"line":43,"column":6},"end":{"line":43,"column":null}},"32":{"start":{"line":47,"column":30},"end":{"line":72,"column":3}},"33":{"start":{"line":48,"column":20},"end":{"line":48,"column":60}},"34":{"start":{"line":48,"column":41},"end":{"line":48,"column":59}},"35":{"start":{"line":49,"column":4},"end":{"line":49,"column":24}},"36":{"start":{"line":49,"column":18},"end":{"line":49,"column":24}},"37":{"start":{"line":51,"column":19},"end":{"line":51,"column":47}},"38":{"start":{"line":52,"column":24},"end":{"line":52,"column":103}},"39":{"start":{"line":53,"column":21},"end":{"line":53,"column":40}},"40":{"start":{"line":54,"column":21},"end":{"line":54,"column":53}},"41":{"start":{"line":55,"column":16},"end":{"line":55,"column":26}},"42":{"start":{"line":56,"column":20},"end":{"line":56,"column":34}},"43":{"start":{"line":58,"column":4},"end":{"line":61,"column":5}},"44":{"start":{"line":59,"column":6},"end":{"line":59,"column":null}},"45":{"start":{"line":60,"column":6},"end":{"line":60,"column":12}},"46":{"start":{"line":63,"column":4},"end":{"line":63,"column":56}},"47":{"start":{"line":63,"column":50},"end":{"line":63,"column":56}},"48":{"start":{"line":65,"column":6},"end":{"line":71,"column":7}},"49":{"start":{"line":66,"column":8},"end":{"line":66,"column":null}},"50":{"start":{"line":67,"column":8},"end":{"line":67,"column":null}},"51":{"start":{"line":69,"column":8},"end":{"line":69,"column":null}},"52":{"start":{"line":70,"column":8},"end":{"line":70,"column":null}},"53":{"start":{"line":74,"column":2},"end":{"line":80,"column":3}},"54":{"start":{"line":75,"column":4},"end":{"line":79,"column":null}},"55":{"start":{"line":82,"column":2},"end":{"line":201,"column":null}},"56":{"start":{"line":128,"column":35},"end":{"line":128,"column":48}},"57":{"start":{"line":135,"column":14},"end":{"line":136,"column":null}},"58":{"start":{"line":172,"column":39},"end":{"line":172,"column":67}},"59":{"start":{"line":173,"column":44},"end":{"line":173,"column":123}},"60":{"start":{"line":174,"column":41},"end":{"line":174,"column":60}},"61":{"start":{"line":175,"column":41},"end":{"line":175,"column":73}},"62":{"start":{"line":176,"column":42},"end":{"line":176,"column":63}},"63":{"start":{"line":177,"column":24},"end":{"line":190,"column":null}},"64":{"start":{"line":180,"column":45},"end":{"line":180,"column":76}},"65":{"start":{"line":204,"column":0},"end":{"line":204,"column":null}}},"fnMap":{"0":{"name":"(anonymous_0)","decl":{"start":{"line":6,"column":30},"end":{"line":6,"column":33}},"loc":{"start":{"line":6,"column":35},"end":{"line":202,"column":1}}},"1":{"name":"(anonymous_1)","decl":{"start":{"line":12,"column":12},"end":{"line":12,"column":15}},"loc":{"start":{"line":12,"column":17},"end":{"line":23,"column":3}}},"2":{"name":"(anonymous_2)","decl":{"start":{"line":25,"column":19},"end":{"line":25,"column":24}},"loc":{"start":{"line":25,"column":30},"end":{"line":45,"column":3}}},"3":{"name":"(anonymous_3)","decl":{"start":{"line":47,"column":30},"end":{"line":47,"column":35}},"loc":{"start":{"line":47,"column":58},"end":{"line":72,"column":3}}},"4":{"name":"(anonymous_4)","decl":{"start":{"line":48,"column":34},"end":{"line":48,"column":35}},"loc":{"start":{"line":48,"column":41},"end":{"line":48,"column":59}}},"5":{"name":"(anonymous_5)","decl":{"start":{"line":128,"column":29},"end":{"line":128,"column":32}},"loc":{"start":{"line":128,"column":35},"end":{"line":128,"column":48}}},"6":{"name":"(anonymous_6)","decl":{"start":{"line":134,"column":26},"end":{"line":134,"column":27}},"loc":{"start":{"line":135,"column":14},"end":{"line":136,"column":null}}},"7":{"name":"(anonymous_7)","decl":{"start":{"line":171,"column":24},"end":{"line":171,"column":27}},"loc":{"start":{"line":171,"column":29},"end":{"line":191,"column":23}}},"8":{"name":"(anonymous_8)","decl":{"start":{"line":180,"column":39},"end":{"line":180,"column":42}},"loc":{"start":{"line":180,"column":45},"end":{"line":180,"column":76}}}},"branchMap":{"0":{"loc":{"start":{"line":13,"column":4},"end":{"line":16,"column":5}},"type":"if","locations":[{"start":{"line":13,"column":4},"end":{"line":16,"column":5}},{"start":{},"end":{}}]},"1":{"loc":{"start":{"line":18,"column":4},"end":{"line":21,"column":5}},"type":"if","locations":[{"start":{"line":18,"column":4},"end":{"line":21,"column":5}},{"start":{},"end":{}}]},"2":{"loc":{"start":{"line":31,"column":25},"end":{"line":31,"column":63}},"type":"binary-expr","locations":[{"start":{"line":31,"column":25},"end":{"line":31,"column":57}},{"start":{"line":31,"column":61},"end":{"line":31,"column":63}}]},"3":{"loc":{"start":{"line":32,"column":8},"end":{"line":32,"column":null}},"type":"if","locations":[{"start":{"line":32,"column":8},"end":{"line":32,"column":null}},{"start":{},"end":{}}]},"4":{"loc":{"start":{"line":49,"column":4},"end":{"line":49,"column":24}},"type":"if","locations":[{"start":{"line":49,"column":4},"end":{"line":49,"column":24}},{"start":{},"end":{}}]},"5":{"loc":{"start":{"line":58,"column":4},"end":{"line":61,"column":5}},"type":"if","locations":[{"start":{"line":58,"column":4},"end":{"line":61,"column":5}},{"start":{},"end":{}}]},"6":{"loc":{"start":{"line":63,"column":4},"end":{"line":63,"column":56}},"type":"if","locations":[{"start":{"line":63,"column":4},"end":{"line":63,"column":56}},{"start":{},"end":{}}]},"7":{"loc":{"start":{"line":74,"column":2},"end":{"line":80,"column":3}},"type":"if","locations":[{"start":{"line":74,"column":2},"end":{"line":80,"column":3}},{"start":{},"end":{}}]},"8":{"loc":{"start":{"line":86,"column":7},"end":{"line":92,"column":null}},"type":"binary-expr","locations":[{"start":{"line":86,"column":7},"end":{"line":86,"column":16}},{"start":{"line":86,"column":20},"end":{"line":86,"column":57}},{"start":{"line":87,"column":8},"end":{"line":91,"column":null}}]},"9":{"loc":{"start":{"line":96,"column":7},"end":{"line":119,"column":null}},"type":"binary-expr","locations":[{"start":{"line":96,"column":7},"end":{"line":96,"column":15}},{"start":{"line":97,"column":8},"end":{"line":118,"column":null}}]},"10":{"loc":{"start":{"line":125,"column":9},"end":{"line":197,"column":null}},"type":"cond-expr","locations":[{"start":{"line":126,"column":10},"end":{"line":130,"column":null}},{"start":{"line":133,"column":10},"end":{"line":196,"column":null}}]},"11":{"loc":{"start":{"line":169,"column":19},"end":{"line":192,"column":null}},"type":"binary-expr","locations":[{"start":{"line":169,"column":19},"end":{"line":169,"column":49}},{"start":{"line":169,"column":53},"end":{"line":169,"column":87}},{"start":{"line":170,"column":20},"end":{"line":191,"column":null}}]},"12":{"loc":{"start":{"line":186,"column":29},"end":{"line":187,"column":null}},"type":"binary-expr","locations":[{"start":{"line":186,"column":29},"end":{"line":186,"column":39}},{"start":{"line":187,"column":30},"end":{"line":187,"column":118}}]}},"s":{"0":1,"1":1,"2":1,"3":1,"4":7,"5":7,"6":7,"7":7,"8":7,"9":4,"10":1,"11":1,"12":3,"13":3,"14":0,"15":0,"16":3,"17":7,"18":4,"19":4,"20":4,"21":0,"22":0,"23":0,"24":0,"25":4,"26":4,"27":4,"28":0,"29":0,"30":0,"31":4,"32":7,"33":1,"34":1,"35":1,"36":0,"37":1,"38":1,"39":1,"40":1,"41":1,"42":1,"43":1,"44":0,"45":0,"46":1,"47":0,"48":1,"49":1,"50":1,"51":0,"52":0,"53":7,"54":4,"55":3,"56":0,"57":2,"58":2,"59":2,"60":2,"61":2,"62":2,"63":2,"64":1,"65":1},"f":{"0":7,"1":4,"2":4,"3":1,"4":1,"5":0,"6":2,"7":2,"8":1},"b":{"0":[1,3],"1":[0,3],"2":[0,0],"3":[0,0],"4":[0,1],"5":[0,1],"6":[0,1],"7":[4,3],"8":[3,0,0],"9":[3,3],"10":[1,2],"11":[2,2,2],"12":[2,1]}}
,"/Users/soroshnazari/Desktop/UNI/25_26-WiSe/Projekt/A6/RentACar/frontend/src/pages/EmployeeCheckinPage.tsx": {"path":"/Users/soroshnazari/Desktop/UNI/25_26-WiSe/Projekt/A6/RentACar/frontend/src/pages/EmployeeCheckinPage.tsx","statementMap":{"0":{"start":{"line":1,"column":0},"end":{"line":1,"column":43}},"1":{"start":{"line":2,"column":0},"end":{"line":2,"column":31}},"2":{"start":{"line":5,"column":17},"end":{"line":5,"column":60}},"3":{"start":{"line":5,"column":23},"end":{"line":5,"column":60}},"4":{"start":{"line":7,"column":28},"end":{"line":203,"column":1}},"5":{"start":{"line":8,"column":26},"end":{"line":8,"column":46}},"6":{"start":{"line":9,"column":34},"end":{"line":9,"column":57}},"7":{"start":{"line":10,"column":30},"end":{"line":10,"column":144}},"8":{"start":{"line":11,"column":32},"end":{"line":11,"column":46}},"9":{"start":{"line":13,"column":25},"end":{"line":19,"column":3}},"10":{"start":{"line":14,"column":4},"end":{"line":14,"column":null}},"11":{"start":{"line":14,"column":23},"end":{"line":14,"column":null}},"12":{"start":{"line":15,"column":4},"end":{"line":17,"column":5}},"13":{"start":{"line":16,"column":6},"end":{"line":16,"column":null}},"14":{"start":{"line":18,"column":4},"end":{"line":18,"column":null}},"15":{"start":{"line":21,"column":2},"end":{"line":28,"column":null}},"16":{"start":{"line":22,"column":17},"end":{"line":22,"column":34}},"17":{"start":{"line":23,"column":4},"end":{"line":26,"column":5}},"18":{"start":{"line":24,"column":6},"end":{"line":24,"column":null}},"19":{"start":{"line":25,"column":6},"end":{"line":25,"column":12}},"20":{"start":{"line":27,"column":4},"end":{"line":27,"column":null}},"21":{"start":{"line":30,"column":15},"end":{"line":53,"column":3}},"22":{"start":{"line":31,"column":4},"end":{"line":52,"column":5}},"23":{"start":{"line":32,"column":6},"end":{"line":32,"column":null}},"24":{"start":{"line":33,"column":19},"end":{"line":33,"column":45}},"25":{"start":{"line":34,"column":32},"end":{"line":45,"column":7}},"26":{"start":{"line":35,"column":8},"end":{"line":44,"column":null}},"27":{"start":{"line":36,"column":26},"end":{"line":36,"column":49}},"28":{"start":{"line":37,"column":10},"end":{"line":37,"column":null}},"29":{"start":{"line":37,"column":45},"end":{"line":37,"column":null}},"30":{"start":{"line":38,"column":10},"end":{"line":43,"column":11}},"31":{"start":{"line":39,"column":30},"end":{"line":39,"column":60}},"32":{"start":{"line":40,"column":12},"end":{"line":40,"column":null}},"33":{"start":{"line":42,"column":12},"end":{"line":42,"column":null}},"34":{"start":{"line":46,"column":23},"end":{"line":46,"column":52}},"35":{"start":{"line":47,"column":6},"end":{"line":47,"column":null}},"36":{"start":{"line":48,"column":6},"end":{"line":48,"column":null}},"37":{"start":{"line":50,"column":6},"end":{"line":50,"column":null}},"38":{"start":{"line":51,"column":6},"end":{"line":51,"column":null}},"39":{"start":{"line":55,"column":24},"end":{"line":81,"column":3}},"40":{"start":{"line":56,"column":20},"end":{"line":56,"column":106}},"41":{"start":{"line":57,"column":20},"end":{"line":57,"column":47}},"42":{"start":{"line":58,"column":27},"end":{"line":58,"column":69}},"43":{"start":{"line":59,"column":26},"end":{"line":59,"column":89}},"44":{"start":{"line":60,"column":4},"end":{"line":63,"column":5}},"45":{"start":{"line":61,"column":6},"end":{"line":61,"column":null}},"46":{"start":{"line":62,"column":6},"end":{"line":62,"column":12}},"47":{"start":{"line":64,"column":4},"end":{"line":67,"column":5}},"48":{"start":{"line":65,"column":6},"end":{"line":65,"column":null}},"49":{"start":{"line":66,"column":6},"end":{"line":66,"column":12}},"50":{"start":{"line":68,"column":4},"end":{"line":80,"column":5}},"51":{"start":{"line":69,"column":6},"end":{"line":75,"column":null}},"52":{"start":{"line":76,"column":6},"end":{"line":76,"column":null}},"53":{"start":{"line":78,"column":6},"end":{"line":78,"column":null}},"54":{"start":{"line":79,"column":6},"end":{"line":79,"column":null}},"55":{"start":{"line":83,"column":2},"end":{"line":202,"column":null}},"56":{"start":{"line":89,"column":59},"end":{"line":89,"column":82}},"57":{"start":{"line":99,"column":12},"end":{"line":99,"column":28}},"58":{"start":{"line":125,"column":37},"end":{"line":133,"column":22}},"59":{"start":{"line":143,"column":37},"end":{"line":151,"column":22}},"60":{"start":{"line":161,"column":37},"end":{"line":169,"column":22}},"61":{"start":{"line":178,"column":37},"end":{"line":186,"column":22}},"62":{"start":{"line":193,"column":63},"end":{"line":193,"column":79}},"63":{"start":{"line":205,"column":0},"end":{"line":205,"column":null}}},"fnMap":{"0":{"name":"(anonymous_0)","decl":{"start":{"line":5,"column":17},"end":{"line":5,"column":20}},"loc":{"start":{"line":5,"column":23},"end":{"line":5,"column":60}}},"1":{"name":"(anonymous_1)","decl":{"start":{"line":7,"column":28},"end":{"line":7,"column":31}},"loc":{"start":{"line":7,"column":33},"end":{"line":203,"column":1}}},"2":{"name":"(anonymous_2)","decl":{"start":{"line":13,"column":25},"end":{"line":13,"column":26}},"loc":{"start":{"line":13,"column":48},"end":{"line":19,"column":3}}},"3":{"name":"(anonymous_3)","decl":{"start":{"line":21,"column":12},"end":{"line":21,"column":15}},"loc":{"start":{"line":21,"column":17},"end":{"line":28,"column":3}}},"4":{"name":"(anonymous_4)","decl":{"start":{"line":30,"column":15},"end":{"line":30,"column":20}},"loc":{"start":{"line":30,"column":26},"end":{"line":53,"column":3}}},"5":{"name":"(anonymous_5)","decl":{"start":{"line":34,"column":32},"end":{"line":34,"column":37}},"loc":{"start":{"line":34,"column":58},"end":{"line":45,"column":7}}},"6":{"name":"(anonymous_6)","decl":{"start":{"line":35,"column":36},"end":{"line":35,"column":41}},"loc":{"start":{"line":35,"column":48},"end":{"line":44,"column":9}}},"7":{"name":"(anonymous_7)","decl":{"start":{"line":55,"column":24},"end":{"line":55,"column":29}},"loc":{"start":{"line":55,"column":45},"end":{"line":81,"column":3}}},"8":{"name":"(anonymous_8)","decl":{"start":{"line":89,"column":52},"end":{"line":89,"column":53}},"loc":{"start":{"line":89,"column":59},"end":{"line":89,"column":82}}},"9":{"name":"(anonymous_9)","decl":{"start":{"line":98,"column":24},"end":{"line":98,"column":25}},"loc":{"start":{"line":99,"column":12},"end":{"line":99,"column":28}}},"10":{"name":"(anonymous_10)","decl":{"start":{"line":125,"column":30},"end":{"line":125,"column":31}},"loc":{"start":{"line":125,"column":37},"end":{"line":133,"column":22}}},"11":{"name":"(anonymous_11)","decl":{"start":{"line":143,"column":30},"end":{"line":143,"column":31}},"loc":{"start":{"line":143,"column":37},"end":{"line":151,"column":22}}},"12":{"name":"(anonymous_12)","decl":{"start":{"line":161,"column":30},"end":{"line":161,"column":31}},"loc":{"start":{"line":161,"column":37},"end":{"line":169,"column":22}}},"13":{"name":"(anonymous_13)","decl":{"start":{"line":178,"column":30},"end":{"line":178,"column":31}},"loc":{"start":{"line":178,"column":37},"end":{"line":186,"column":22}}},"14":{"name":"(anonymous_14)","decl":{"start":{"line":193,"column":57},"end":{"line":193,"column":60}},"loc":{"start":{"line":193,"column":63},"end":{"line":193,"column":79}}}},"branchMap":{"0":{"loc":{"start":{"line":14,"column":4},"end":{"line":14,"column":null}},"type":"if","locations":[{"start":{"line":14,"column":4},"end":{"line":14,"column":null}},{"start":{},"end":{}}]},"1":{"loc":{"start":{"line":15,"column":4},"end":{"line":17,"column":5}},"type":"if","locations":[{"start":{"line":15,"column":4},"end":{"line":17,"column":5}},{"start":{},"end":{}}]},"2":{"loc":{"start":{"line":16,"column":13},"end":{"line":16,"column":63}},"type":"cond-expr","locations":[{"start":{"line":16,"column":47},"end":{"line":16,"column":58}},{"start":{"line":16,"column":61},"end":{"line":16,"column":63}}]},"3":{"loc":{"start":{"line":23,"column":4},"end":{"line":26,"column":5}},"type":"if","locations":[{"start":{"line":23,"column":4},"end":{"line":26,"column":5}},{"start":{},"end":{}}]},"4":{"loc":{"start":{"line":23,"column":8},"end":{"line":23,"column":57}},"type":"binary-expr","locations":[{"start":{"line":23,"column":8},"end":{"line":23,"column":32}},{"start":{"line":23,"column":36},"end":{"line":23,"column":57}}]},"5":{"loc":{"start":{"line":36,"column":26},"end":{"line":36,"column":49}},"type":"binary-expr","locations":[{"start":{"line":36,"column":26},"end":{"line":36,"column":43}},{"start":{"line":36,"column":47},"end":{"line":36,"column":49}}]},"6":{"loc":{"start":{"line":37,"column":10},"end":{"line":37,"column":null}},"type":"if","locations":[{"start":{"line":37,"column":10},"end":{"line":37,"column":null}},{"start":{},"end":{}}]},"7":{"loc":{"start":{"line":56,"column":20},"end":{"line":56,"column":106}},"type":"binary-expr","locations":[{"start":{"line":56,"column":20},"end":{"line":56,"column":32}},{"start":{"line":56,"column":36},"end":{"line":56,"column":106}}]},"8":{"loc":{"start":{"line":58,"column":36},"end":{"line":58,"column":67}},"type":"binary-expr","locations":[{"start":{"line":58,"column":36},"end":{"line":58,"column":62}},{"start":{"line":58,"column":66},"end":{"line":58,"column":67}}]},"9":{"loc":{"start":{"line":59,"column":26},"end":{"line":59,"column":89}},"type":"cond-expr","locations":[{"start":{"line":59,"column":47},"end":{"line":59,"column":77}},{"start":{"line":59,"column":80},"end":{"line":59,"column":89}}]},"10":{"loc":{"start":{"line":60,"column":4},"end":{"line":63,"column":5}},"type":"if","locations":[{"start":{"line":60,"column":4},"end":{"line":63,"column":5}},{"start":{},"end":{}}]},"11":{"loc":{"start":{"line":60,"column":8},"end":{"line":60,"column":49}},"type":"binary-expr","locations":[{"start":{"line":60,"column":8},"end":{"line":60,"column":33}},{"start":{"line":60,"column":37},"end":{"line":60,"column":49}}]},"12":{"loc":{"start":{"line":64,"column":4},"end":{"line":67,"column":5}},"type":"if","locations":[{"start":{"line":64,"column":4},"end":{"line":67,"column":5}},{"start":{},"end":{}}]},"13":{"loc":{"start":{"line":92,"column":7},"end":{"line":199,"column":null}},"type":"cond-expr","locations":[{"start":{"line":93,"column":8},"end":{"line":93,"column":58}},{"start":{"line":94,"column":10},"end":{"line":199,"column":null}}]},"14":{"loc":{"start":{"line":94,"column":10},"end":{"line":199,"column":null}},"type":"cond-expr","locations":[{"start":{"line":95,"column":8},"end":{"line":95,"column":87}},{"start":{"line":97,"column":8},"end":{"line":198,"column":null}}]},"15":{"loc":{"start":{"line":114,"column":36},"end":{"line":114,"column":68}},"type":"binary-expr","locations":[{"start":{"line":114,"column":36},"end":{"line":114,"column":62}},{"start":{"line":114,"column":66},"end":{"line":114,"column":68}}]},"16":{"loc":{"start":{"line":123,"column":34},"end":{"line":123,"column":65}},"type":"binary-expr","locations":[{"start":{"line":123,"column":34},"end":{"line":123,"column":60}},{"start":{"line":123,"column":64},"end":{"line":123,"column":65}}]},"17":{"loc":{"start":{"line":124,"column":27},"end":{"line":124,"column":54}},"type":"binary-expr","locations":[{"start":{"line":124,"column":27},"end":{"line":124,"column":48}},{"start":{"line":124,"column":52},"end":{"line":124,"column":54}}]},"18":{"loc":{"start":{"line":129,"column":39},"end":{"line":129,"column":75}},"type":"binary-expr","locations":[{"start":{"line":129,"column":39},"end":{"line":129,"column":66}},{"start":{"line":129,"column":70},"end":{"line":129,"column":75}}]},"19":{"loc":{"start":{"line":130,"column":37},"end":{"line":130,"column":68}},"type":"binary-expr","locations":[{"start":{"line":130,"column":37},"end":{"line":130,"column":62}},{"start":{"line":130,"column":66},"end":{"line":130,"column":68}}]},"20":{"loc":{"start":{"line":131,"column":36},"end":{"line":131,"column":66}},"type":"binary-expr","locations":[{"start":{"line":131,"column":36},"end":{"line":131,"column":60}},{"start":{"line":131,"column":64},"end":{"line":131,"column":66}}]},"21":{"loc":{"start":{"line":135,"column":50},"end":{"line":135,"column":81}},"type":"binary-expr","locations":[{"start":{"line":135,"column":50},"end":{"line":135,"column":76}},{"start":{"line":135,"column":80},"end":{"line":135,"column":81}}]},"22":{"loc":{"start":{"line":142,"column":29},"end":{"line":142,"column":65}},"type":"binary-expr","locations":[{"start":{"line":142,"column":29},"end":{"line":142,"column":56}},{"start":{"line":142,"column":60},"end":{"line":142,"column":65}}]},"23":{"loc":{"start":{"line":146,"column":33},"end":{"line":146,"column":60}},"type":"binary-expr","locations":[{"start":{"line":146,"column":33},"end":{"line":146,"column":54}},{"start":{"line":146,"column":58},"end":{"line":146,"column":60}}]},"24":{"loc":{"start":{"line":148,"column":37},"end":{"line":148,"column":68}},"type":"binary-expr","locations":[{"start":{"line":148,"column":37},"end":{"line":148,"column":62}},{"start":{"line":148,"column":66},"end":{"line":148,"column":68}}]},"25":{"loc":{"start":{"line":149,"column":36},"end":{"line":149,"column":66}},"type":"binary-expr","locations":[{"start":{"line":149,"column":36},"end":{"line":149,"column":60}},{"start":{"line":149,"column":64},"end":{"line":149,"column":66}}]},"26":{"loc":{"start":{"line":160,"column":27},"end":{"line":160,"column":57}},"type":"binary-expr","locations":[{"start":{"line":160,"column":27},"end":{"line":160,"column":51}},{"start":{"line":160,"column":55},"end":{"line":160,"column":57}}]},"27":{"loc":{"start":{"line":164,"column":33},"end":{"line":164,"column":60}},"type":"binary-expr","locations":[{"start":{"line":164,"column":33},"end":{"line":164,"column":54}},{"start":{"line":164,"column":58},"end":{"line":164,"column":60}}]},"28":{"loc":{"start":{"line":165,"column":39},"end":{"line":165,"column":75}},"type":"binary-expr","locations":[{"start":{"line":165,"column":39},"end":{"line":165,"column":66}},{"start":{"line":165,"column":70},"end":{"line":165,"column":75}}]},"29":{"loc":{"start":{"line":166,"column":37},"end":{"line":166,"column":68}},"type":"binary-expr","locations":[{"start":{"line":166,"column":37},"end":{"line":166,"column":62}},{"start":{"line":166,"column":66},"end":{"line":166,"column":68}}]},"30":{"loc":{"start":{"line":177,"column":27},"end":{"line":177,"column":58}},"type":"binary-expr","locations":[{"start":{"line":177,"column":27},"end":{"line":177,"column":52}},{"start":{"line":177,"column":56},"end":{"line":177,"column":58}}]},"31":{"loc":{"start":{"line":181,"column":33},"end":{"line":181,"column":60}},"type":"binary-expr","locations":[{"start":{"line":181,"column":33},"end":{"line":181,"column":54}},{"start":{"line":181,"column":58},"end":{"line":181,"column":60}}]},"32":{"loc":{"start":{"line":182,"column":39},"end":{"line":182,"column":75}},"type":"binary-expr","locations":[{"start":{"line":182,"column":39},"end":{"line":182,"column":66}},{"start":{"line":182,"column":70},"end":{"line":182,"column":75}}]},"33":{"loc":{"start":{"line":184,"column":36},"end":{"line":184,"column":66}},"type":"binary-expr","locations":[{"start":{"line":184,"column":36},"end":{"line":184,"column":60}},{"start":{"line":184,"column":64},"end":{"line":184,"column":66}}]}},"s":{"0":1,"1":1,"2":1,"3":4,"4":1,"5":4,"6":4,"7":4,"8":4,"9":4,"10":1,"11":0,"12":1,"13":0,"14":1,"15":4,"16":2,"17":2,"18":0,"19":0,"20":2,"21":4,"22":2,"23":2,"24":2,"25":2,"26":2,"27":1,"28":1,"29":1,"30":0,"31":0,"32":0,"33":0,"34":2,"35":2,"36":2,"37":0,"38":0,"39":4,"40":0,"41":0,"42":0,"43":0,"44":0,"45":0,"46":0,"47":0,"48":0,"49":0,"50":0,"51":0,"52":0,"53":0,"54":0,"55":4,"56":0,"57":1,"58":0,"59":0,"60":0,"61":0,"62":0,"63":1},"f":{"0":4,"1":4,"2":1,"3":2,"4":2,"5":2,"6":1,"7":0,"8":0,"9":1,"10":0,"11":0,"12":0,"13":0,"14":0},"b":{"0":[0,1],"1":[0,1],"2":[0,0],"3":[0,2],"4":[2,0],"5":[1,0],"6":[1,0],"7":[0,0],"8":[0,0],"9":[0,0],"10":[0,0],"11":[0,0],"12":[0,0],"13":[2,2],"14":[1,1],"15":[1,0],"16":[1,0],"17":[1,1],"18":[0,0],"19":[0,0],"20":[0,0],"21":[1,0],"22":[1,1],"23":[0,0],"24":[0,0],"25":[0,0],"26":[1,1],"27":[0,0],"28":[0,0],"29":[0,0],"30":[1,1],"31":[0,0],"32":[0,0],"33":[0,0]}}
[...]
ine":404,"column":5}}]},"44":{"loc":{"start":{"line":396,"column":11},"end":{"line":404,"column":5}},"type":"if","locations":[{"start":{"line":396,"column":11},"end":{"line":404,"column":5}},{"start":{},"end":{}}]},"45":{"loc":{"start":{"line":399,"column":6},"end":{"line":403,"column":7}},"type":"if","locations":[{"start":{"line":399,"column":6},"end":{"line":403,"column":7}},{"start":{},"end":{}}]},"46":{"loc":{"start":{"line":411,"column":2},"end":{"line":411,"column":null}},"type":"if","locations":[{"start":{"line":411,"column":2},"end":{"line":411,"column":null}},{"start":{},"end":{}}]},"47":{"loc":{"start":{"line":414,"column":4},"end":{"line":421,"column":5}},"type":"if","locations":[{"start":{"line":414,"column":4},"end":{"line":421,"column":5}},{"start":{},"end":{}}]},"48":{"loc":{"start":{"line":414,"column":8},"end":{"line":414,"column":72}},"type":"binary-expr","locations":[{"start":{"line":414,"column":8},"end":{"line":414,"column":40}},{"start":{"line":414,"column":44},"end":{"line":414,"column":72}}]},"49":{"loc":{"start":{"line":418,"column":6},"end":{"line":418,"column":null}},"type":"if","locations":[{"start":{"line":418,"column":6},"end":{"line":418,"column":null}},{"start":{},"end":{}}]},"50":{"loc":{"start":{"line":419,"column":6},"end":{"line":419,"column":null}},"type":"if","locations":[{"start":{"line":419,"column":6},"end":{"line":419,"column":null}},{"start":{},"end":{}}]}},"s":{"0":1,"1":1,"2":1,"3":1,"4":2,"5":1,"6":7,"7":7,"8":6,"9":6,"10":6,"11":6,"12":6,"13":6,"14":6,"15":6,"16":6,"17":6,"18":6,"19":3,"20":3,"21":6,"22":4,"23":0,"24":6,"25":4,"26":6,"27":3,"28":0,"29":0,"30":0,"31":3,"32":3,"33":3,"34":3,"35":2,"36":2,"37":2,"38":2,"39":2,"40":1,"41":1,"42":1,"43":0,"44":1,"45":1,"46":0,"47":0,"48":0,"49":0,"50":0,"51":3,"52":6,"53":0,"54":0,"55":0,"56":0,"57":0,"58":0,"59":0,"60":0,"61":0,"62":6,"63":6,"64":0,"65":0,"66":0,"67":0,"68":0,"69":0,"70":0,"71":6,"72":2,"73":2,"74":6,"75":3,"76":3,"77":1,"78":0,"79":2,"80":0,"81":0,"82":2,"83":2,"84":2,"85":2,"86":2,"87":0,"88":0,"89":0,"90":0,"91":0,"92":0,"93":0,"94":0,"95":0,"96":0,"97":0,"98":0,"99":0,"100":0,"101":0,"102":0,"103":0,"104":12,"105":0,"106":0,"107":1,"108":1,"109":0,"110":0,"111":0,"112":0,"113":0,"114":0,"115":0,"116":0,"117":0,"118":0,"119":0,"120":0,"121":0,"122":0,"123":0,"124":0,"125":0,"126":1,"127":2,"128":2,"129":0,"130":0,"131":0,"132":0,"133":0,"134":0,"135":0,"136":0,"137":0,"138":0,"139":0,"140":0,"141":0},"f":{"0":2,"1":7,"2":3,"3":4,"4":4,"5":3,"6":0,"7":0,"8":2,"9":0,"10":0,"11":2,"12":0,"13":0,"14":0,"15":0,"16":0,"17":0,"18":0,"19":0,"20":12,"21":0,"22":0,"23":0,"24":0,"25":2},"b":{"0":[3,0],"1":[0,4],"2":[4,0],"3":[0,3],"4":[0,2],"5":[2,0],"6":[2,0],"7":[1,1],"8":[0,1],"9":[1,1],"10":[1,0],"11":[0,0],"12":[0,0],"13":[0,0],"14":[0,0,0],"15":[0,6],"16":[6,0],"17":[0,0],"18":[0,0],"19":[0,0],"20":[2,0],"21":[3,3],"22":[1,2],"23":[0,2],"24":[0,2],"25":[2,0],"26":[2,0],"27":[2,0],"28":[0,0],"29":[0,0],"30":[0,0],"31":[0,0],"32":[0,0],"33":[0,0],"34":[0,0],"35":[0,0],"36":[0,0],"37":[0,0],"38":[0,0],"39":[0,0],"40":[2,2],"41":[2,0],"42":[0,0],"43":[0,0],"44":[0,0],"45":[0,0],"46":[2,0],"47":[0,0],"48":[0,0],"49":[0,0],"50":[0,0]}}
,"/Users/soroshnazari/Desktop/UNI/25_26-WiSe/Projekt/A6/RentACar/frontend/src/pages/VehicleListPage.tsx": {"path":"/Users/soroshnazari/Desktop/UNI/25_26-WiSe/Projekt/A6/RentACar/frontend/src/pages/VehicleListPage.tsx","statementMap":{"0":{"start":{"line":1,"column":0},"end":{"line":1,"column":43}},"1":{"start":{"line":2,"column":0},"end":{"line":2,"column":63}},"2":{"start":{"line":3,"column":0},"end":{"line":3,"column":31}},"3":{"start":{"line":6,"column":24},"end":{"line":188,"column":1}},"4":{"start":{"line":7,"column":19},"end":{"line":7,"column":32}},"5":{"start":{"line":8,"column":25},"end":{"line":8,"column":42}},"6":{"start":{"line":9,"column":34},"end":{"line":9,"column":57}},"7":{"start":{"line":10,"column":32},"end":{"line":10,"column":46}},"8":{"start":{"line":11,"column":28},"end":{"line":11,"column":57}},"9":{"start":{"line":13,"column":19},"end":{"line":13,"column":53}},"10":{"start":{"line":14,"column":20},"end":{"line":14,"column":55}},"11":{"start":{"line":15,"column":18},"end":{"line":15,"column":51}},"12":{"start":{"line":16,"column":22},"end":{"line":16,"column":75}},"13":{"start":{"line":18,"column":2},"end":{"line":20,"column":null}},"14":{"start":{"line":19,"column":4},"end":{"line":19,"column":null}},"15":{"start":{"line":22,"column":23},"end":{"line":66,"column":3}},"16":{"start":{"line":23,"column":4},"end":{"line":23,"column":null}},"17":{"start":{"line":24,"column":4},"end":{"line":24,"column":null}},"18":{"start":{"line":26,"column":4},"end":{"line":65,"column":5}},"19":{"start":{"line":27,"column":31},"end":{"line":27,"column":33}},"20":{"start":{"line":28,"column":6},"end":{"line":40,"column":7}},"21":{"start":{"line":30,"column":8},"end":{"line":35,"column":null}},"22":{"start":{"line":38,"column":8},"end":{"line":38,"column":null}},"23":{"start":{"line":39,"column":8},"end":{"line":39,"column":null}},"24":{"start":{"line":39,"column":40},"end":{"line":39,"column":64}},"25":{"start":{"line":43,"column":6},"end":{"line":48,"column":null}},"26":{"start":{"line":43,"column":41},"end":{"line":48,"column":8}},"27":{"start":{"line":50,"column":6},"end":{"line":50,"column":null}},"28":{"start":{"line":51,"column":6},"end":{"line":51,"column":null}},"29":{"start":{"line":53,"column":6},"end":{"line":53,"column":null}},"30":{"start":{"line":54,"column":6},"end":{"line":54,"column":null}},"31":{"start":{"line":55,"column":6},"end":{"line":55,"column":null}},"32":{"start":{"line":56,"column":6},"end":{"line":62,"column":7}},"33":{"start":{"line":57,"column":8},"end":{"line":57,"column":null}},"34":{"start":{"line":58,"column":13},"end":{"line":62,"column":7}},"35":{"start":{"line":59,"column":8},"end":{"line":59,"column":null}},"36":{"start":{"line":60,"column":13},"end":{"line":62,"column":7}},"37":{"start":{"line":61,"column":8},"end":{"line":61,"column":null}},"38":{"start":{"line":64,"column":6},"end":{"line":64,"column":null}},"39":{"start":{"line":68,"column":30},"end":{"line":79,"column":3}},"40":{"start":{"line":69,"column":48},"end":{"line":77,"column":null}},"41":{"start":{"line":78,"column":4},"end":{"line":78,"column":null}},"42":{"start":{"line":81,"column":2},"end":{"line":89,"column":3}},"43":{"start":{"line":82,"column":4},"end":{"line":88,"column":null}},"44":{"start":{"line":91,"column":2},"end":{"line":99,"column":3}},"45":{"start":{"line":92,"column":4},"end":{"line":98,"column":null}},"46":{"start":{"line":101,"column":2},"end":{"line":187,"column":null}},"47":{"start":{"line":116,"column":33},"end":{"line":116,"column":46}},"48":{"start":{"line":123,"column":12},"end":{"line":124,"column":null}},"49":{"start":{"line":126,"column":29},"end":{"line":126,"column":63}},"50":{"start":{"line":130,"column":34},"end":{"line":130,"column":122}},"51":{"start":{"line":131,"column":31},"end":{"line":133,"column":29}},"52":{"start":{"line":134,"column":18},"end":{"line":140,"column":19}},"53":{"start":{"line":135,"column":20},"end":{"line":139,"column":null}},"54":{"start":{"line":141,"column":18},"end":{"line":160,"column":null}},"55":{"start":{"line":147,"column":36},"end":{"line":147,"column":51}},"56":{"start":{"line":148,"column":24},"end":{"line":157,"column":25}},"57":{"start":{"line":149,"column":26},"end":{"line":149,"column":null}},"58":{"start":{"line":150,"column":26},"end":{"line":153,"column":null}},"59":{"start":{"line":151,"column":28},"end":{"line":151,"column":null}},"60":{"start":{"line":152,"column":28},"end":{"line":152,"column":null}},"61":{"start":{"line":155,"column":26},"end":{"line":155,"column":null}},"62":{"start":{"line":156,"column":26},"end":{"line":156,"column":null}},"63":{"start":{"line":175,"column":18},"end":{"line":175,"column":null}},"64":{"start":{"line":176,"column":18},"end":{"line":176,"column":null}},"65":{"start":{"line":190,"column":0},"end":{"line":190,"column":null}},"66":{"start":{"line":191,"column":26},"end":{"line":207,"column":1}},"67":{"start":{"line":192,"column":2},"end":{"line":192,"column":null}},"68":{"start":{"line":192,"column":12},"end":{"line":192,"column":null}},"69":{"start":{"line":193,"column":2},"end":{"line":206,"column":3}},"70":{"start":{"line":194,"column":14},"end":{"line":194,"column":26}},"71":{"start":{"line":195,"column":4},"end":{"line":202,"column":5}},"72":{"start":{"line":196,"column":6},"end":{"line":196,"column":null}},"73":{"start":{"line":197,"column":6},"end":{"line":197,"column":null}},"74":{"start":{"line":198,"column":6},"end":{"line":198,"column":null}},"75":{"start":{"line":199,"column":6},"end":{"line":199,"column":null}},"76":{"start":{"line":199,"column":36},"end":{"line":199,"column":null}},"77":{"start":{"line":200,"column":6},"end":{"line":200,"column":null}},"78":{"start":{"line":200,"column":36},"end":{"line":200,"column":null}},"79":{"start":{"line":201,"column":6},"end":{"line":201,"column":null}},"80":{"start":{"line":203,"column":4},"end":{"line":203,"column":null}},"81":{"start":{"line":205,"column":4},"end":{"line":205,"column":null}}},"fnMap":{"0":{"name":"(anonymous_0)","decl":{"start":{"line":6,"column":24},"end":{"line":6,"column":27}},"loc":{"start":{"line":6,"column":29},"end":{"line":188,"column":1}}},"1":{"name":"(anonymous_1)","decl":{"start":{"line":18,"column":12},"end":{"line":18,"column":15}},"loc":{"start":{"line":18,"column":17},"end":{"line":20,"column":3}}},"2":{"name":"(anonymous_2)","decl":{"start":{"line":22,"column":23},"end":{"line":22,"column":28}},"loc":{"start":{"line":22,"column":34},"end":{"line":66,"column":3}}},"3":{"name":"(anonymous_3)","decl":{"start":{"line":39,"column":33},"end":{"line":39,"column":34}},"loc":{"start":{"line":39,"column":40},"end":{"line":39,"column":64}}},"4":{"name":"(anonymous_4)","decl":{"start":{"line":43,"column":28},"end":{"line":43,"column":29}},"loc":{"start":{"line":43,"column":41},"end":{"line":48,"column":8}}},"5":{"name":"(anonymous_5)","decl":{"start":{"line":68,"column":30},"end":{"line":68,"column":31}},"loc":{"start":{"line":68,"column":60},"end":{"line":79,"column":3}}},"6":{"name":"(anonymous_6)","decl":{"start":{"line":116,"column":27},"end":{"line":116,"column":30}},"loc":{"start":{"line":116,"column":33},"end":{"line":116,"column":46}}},"7":{"name":"(anonymous_7)","decl":{"start":{"line":122,"column":24},"end":{"line":122,"column":25}},"loc":{"start":{"line":123,"column":12},"end":{"line":124,"column":null}}},"8":{"name":"(anonymous_8)","decl":{"start":{"line":126,"column":23},"end":{"line":126,"column":26}},"loc":{"start":{"line":126,"column":29},"end":{"line":126,"column":63}}},"9":{"name":"(anonymous_9)","decl":{"start":{"line":129,"column":18},"end":{"line":129,"column":21}},"loc":{"start":{"line":129,"column":23},"end":{"line":161,"column":17}}},"10":{"name":"(anonymous_10)","decl":{"start":{"line":146,"column":31},"end":{"line":146,"column":32}},"loc":{"start":{"line":146,"column":37},"end":{"line":158,"column":23}}},"11":{"name":"(anonymous_11)","decl":{"start":{"line":150,"column":40},"end":{"line":150,"column":43}},"loc":{"start":{"line":150,"column":45},"end":{"line":153,"column":27}}},"12":{"name":"(anonymous_12)","decl":{"start":{"line":174,"column":25},"end":{"line":174,"column":26}},"loc":{"start":{"line":174,"column":31},"end":{"line":177,"column":17}}},"13":{"name":"(anonymous_13)","decl":{"start":{"line":191,"column":26},"end":{"line":191,"column":27}},"loc":{"start":{"line":191,"column":54},"end":{"line":207,"column":1}}}},"branchMap":{"0":{"loc":{"start":{"line":13,"column":19},"end":{"line":13,"column":53}},"type":"binary-expr","locations":[{"start":{"line":13,"column":19},"end":{"line":13,"column":47}},{"start":{"line":13,"column":51},"end":{"line":13,"column":53}}]},"1":{"loc":{"start":{"line":14,"column":20},"end":{"line":14,"column":55}},"type":"binary-expr","locations":[{"start":{"line":14,"column":20},"end":{"line":14,"column":49}},{"start":{"line":14,"column":53},"end":{"line":14,"column":55}}]},"2":{"loc":{"start":{"line":15,"column":18},"end":{"line":15,"column":51}},"type":"binary-expr","locations":[{"start":{"line":15,"column":18},"end":{"line":15,"column":45}},{"start":{"line":15,"column":49},"end":{"line":15,"column":51}}]},"3":{"loc":{"start":{"line":28,"column":6},"end":{"line":40,"column":7}},"type":"if","locations":[{"start":{"line":28,"column":6},"end":{"line":40,"column":7}},{"start":{"line":36,"column":13},"end":{"line":40,"column":7}}]},"4":{"loc":{"start":{"line":28,"column":10},"end":{"line":28,"column":57}},"type":"binary-expr","locations":[{"start":{"line":28,"column":10},"end":{"line":28,"column":18}},{"start":{"line":28,"column":22},"end":{"line":28,"column":31}},{"start":{"line":28,"column":35},"end":{"line":28,"column":42}},{"start":{"line":28,"column":46},"end":{"line":28,"column":57}}]},"5":{"loc":{"start":{"line":45,"column":22},"end":{"line":47,"column":32}},"type":"cond-expr","locations":[{"start":{"line":46,"column":12},"end":{"line":46,"column":32}},{"start":{"line":47,"column":12},"end":{"line":47,"column":32}}]},"6":{"loc":{"start":{"line":45,"column":22},"end":{"line":45,"column":81}},"type":"binary-expr","locations":[{"start":{"line":45,"column":22},"end":{"line":45,"column":56}},{"start":{"line":45,"column":60},"end":{"line":45,"column":81}}]},"7":{"loc":{"start":{"line":47,"column":12},"end":{"line":47,"column":32}},"type":"binary-expr","locations":[{"start":{"line":47,"column":12},"end":{"line":47,"column":26}},{"start":{"line":47,"column":30},"end":{"line":47,"column":32}}]},"8":{"loc":{"start":{"line":54,"column":38},"end":{"line":54,"column":71}},"type":"binary-expr","locations":[{"start":{"line":54,"column":38},"end":{"line":54,"column":56}},{"start":{"line":54,"column":60},"end":{"line":54,"column":71}}]},"9":{"loc":{"start":{"line":56,"column":6},"end":{"line":62,"column":7}},"type":"if","locations":[{"start":{"line":56,"column":6},"end":{"line":62,"column":7}},{"start":{"line":58,"column":13},"end":{"line":62,"column":7}}]},"10":{"loc":{"start":{"line":56,"column":10},"end":{"line":56,"column":78}},"type":"binary-expr","locations":[{"start":{"line":56,"column":10},"end":{"line":56,"column":37}},{"start":{"line":56,"column":41},"end":{"line":56,"column":78}}]},"11":{"loc":{"start":{"line":58,"column":13},"end":{"line":62,"column":7}},"type":"if","locations":[{"start":{"line":58,"column":13},"end":{"line":62,"column":7}},{"start":{"line":60,"column":13},"end":{"line":62,"column":7}}]},"12":{"loc":{"start":{"line":60,"column":13},"end":{"line":62,"column":7}},"type":"if","locations":[{"start":{"line":60,"column":13},"end":{"line":62,"column":7}},{"start":{},"end":{}}]},"13":{"loc":{"start":{"line":78,"column":11},"end":{"line":78,"column":31}},"type":"binary-expr","locations":[{"start":{"line":78,"column":11},"end":{"line":78,"column":23}},{"start":{"line":78,"column":27},"end":{"line":78,"column":31}}]},"14":{"loc":{"start":{"line":81,"column":2},"end":{"line":89,"column":3}},"type":"if","locations":[{"start":{"line":81,"column":2},"end":{"line":89,"column":3}},{"start":{},"end":{}}]},"15":{"loc":{"start":{"line":91,"column":2},"end":{"line":99,"column":3}},"type":"if","locations":[{"start":{"line":91,"column":2},"end":{"line":99,"column":3}},{"start":{},"end":{}}]},"16":{"loc":{"start":{"line":105,"column":9},"end":{"line":109,"column":null}},"type":"binary-expr","locations":[{"start":{"line":105,"column":9},"end":{"line":105,"column":17}},{"start":{"line":105,"column":21},"end":{"line":105,"column":30}},{"start":{"line":105,"column":34},"end":{"line":105,"column":41}},{"start":{"line":106,"column":10},"end":{"line":108,"column":null}}]},"17":{"loc":{"start":{"line":113,"column":7},"end":{"line":184,"column":null}},"type":"cond-expr","locations":[{"start":{"line":114,"column":8},"end":{"line":118,"column":null}},{"start":{"line":121,"column":8},"end":{"line":183,"column":null}}]},"18":{"loc":{"start":{"line":130,"column":52},"end":{"line":130,"column":121}},"type":"binary-expr","locations":[{"start":{"line":130,"column":53},"end":{"line":130,"column":73}},{"start":{"line":130,"column":77},"end":{"line":130,"column":100}},{"start":{"line":130,"column":105},"end":{"line":130,"column":121}}]},"19":{"loc":{"start":{"line":131,"column":31},"end":{"line":133,"column":29}},"type":"cond-expr","locations":[{"start":{"line":132,"column":22},"end":{"line":132,"column":76}},{"start":{"line":133,"column":22},"end":{"line":133,"column":29}}]},"20":{"loc":{"start":{"line":131,"column":31},"end":{"line":131,"column":68}},"type":"binary-expr","locations":[{"start":{"line":131,"column":31},"end":{"line":131,"column":38}},{"start":{"line":131,"column":42},"end":{"line":131,"column":68}}]},"21":{"loc":{"start":{"line":134,"column":18},"end":{"line":140,"column":19}},"type":"if","locations":[{"start":{"line":134,"column":18},"end":{"line":140,"column":19}},{"start":{},"end":{}}]},"22":{"loc":{"start":{"line":143,"column":27},"end":{"line":143,"column":37}},"type":"binary-expr","locations":[{"start":{"line":143,"column":27},"end":{"line":143,"column":31}},{"start":{"line":143,"column":35},"end":{"line":143,"column":37}}]},"23":{"loc":{"start":{"line":148,"column":24},"end":{"line":157,"column":25}},"type":"if","locations":[{"start":{"line":148,"column":24},"end":{"line":157,"column":25}},{"start":{"line":154,"column":31},"end":{"line":157,"column":25}}]},"24":{"loc":{"start":{"line":148,"column":28},"end":{"line":148,"column":72}},"type":"binary-expr","locations":[{"start":{"line":148,"column":28},"end":{"line":148,"column":32}},{"start":{"line":148,"column":36},"end":{"line":148,"column":72}}]},"25":{"loc":{"start":{"line":149,"column":36},"end":{"line":149,"column":49}},"type":"binary-expr","locations":[{"start":{"line":149,"column":36},"end":{"line":149,"column":43}},{"start":{"line":149,"column":47},"end":{"line":149,"column":49}}]},"26":{"loc":{"start":{"line":192,"column":2},"end":{"line":192,"column":null}},"type":"if","locations":[{"start":{"line":192,"column":2},"end":{"line":192,"column":null}},{"start":{},"end":{}}]},"27":{"loc":{"start":{"line":195,"column":4},"end":{"line":202,"column":5}},"type":"if","locations":[{"start":{"line":195,"column":4},"end":{"line":202,"column":5}},{"start":{},"end":{}}]},"28":{"loc":{"start":{"line":195,"column":8},"end":{"line":195,"column":72}},"type":"binary-expr","locations":[{"start":{"line":195,"column":8},"end":{"line":195,"column":40}},{"start":{"line":195,"column":44},"end":{"line":195,"column":72}}]},"29":{"loc":{"start":{"line":199,"column":6},"end":{"line":199,"column":null}},"type":"if","locations":[{"start":{"line":199,"column":6},"end":{"line":199,"column":null}},{"start":{},"end":{}}]},"30":{"loc":{"start":{"line":200,"column":6},"end":{"line":200,"column":null}},"type":"if","locations":[{"start":{"line":200,"column":6},"end":{"line":200,"column":null}},{"start":{},"end":{}}]}},"s":{"0":1,"1":1,"2":1,"3":1,"4":8,"5":7,"6":7,"7":7,"8":7,"9":7,"10":7,"11":7,"12":7,"13":7,"14":4,"15":7,"16":4,"17":4,"18":4,"19":4,"20":4,"21":1,"22":3,"23":2,"24":1,"25":3,"26":2,"27":3,"28":3,"29":1,"30":1,"31":1,"32":1,"33":0,"34":1,"35":0,"36":1,"37":1,"38":4,"39":7,"40":2,"41":2,"42":7,"43":4,"44":3,"45":1,"46":2,"47":0,"48":2,"49":0,"50":2,"51":2,"52":2,"53":2,"54":0,"55":0,"56":0,"57":0,"58":0,"59":0,"60":0,"61":0,"62":0,"63":0,"64":0,"65":1,"66":1,"67":2,"68":2,"69":0,"70":0,"71":0,"72":0,"73":0,"74":0,"75":0,"76":0,"77":0,"78":0,"79":0,"80":0,"81":0},"f":{"0":8,"1":4,"2":4,"3":1,"4":2,"5":2,"6":0,"7":2,"8":0,"9":2,"10":0,"11":0,"12":0,"13":2},"b":{"0":[7,5],"1":[7,5],"2":[7,5],"3":[1,3],"4":[4,1,1,1],"5":[0,2],"6":[2,0],"7":[2,0],"8":[1,0],"9":[0,1],"10":[1,1],"11":[0,1],"12":[1,0],"13":[2,0],"14":[4,3],"15":[1,2],"16":[2,1,1,1],"17":[0,2],"18":[2,0,2],"19":[0,2],"20":[2,0],"21":[2,0],"22":[0,0],"23":[0,0],"24":[0,0],"25":[0,0],"26":[2,0],"27":[0,0],"28":[0,0],"29":[0,0],"30":[0,0]}}
}
