TN:
SF:src/components/layout/Layout.tsx
FN:5,(anonymous_0)
FN:11,(anonymous_1)
FN:16,(anonymous_2)
FN:20,(anonymous_3)
FNF:4
FNH:4
FNDA:5,(anonymous_0)
FNDA:2,(anonymous_1)
FNDA:3,(anonymous_2)
FNDA:1,(anonymous_3)
DA:1,1
DA:2,1
DA:3,1
DA:5,1
DA:6,5
DA:7,5
DA:8,5
DA:9,5
DA:11,5
DA:12,2
DA:13,2
DA:16,5
DA:17,3
DA:20,5
DA:21,1
DA:22,1
DA:23,1
DA:24,1
DA:27,5
DA:177,1
LF:20
LH:20
BRDA:39,0,0,1
BRDA:39,0,1,4
BRDA:41,1,0,1
BRDA:41,1,1,1
BRDA:49,2,0,1
BRDA:49,2,1,1
BRDA:49,2,2,0
BRF:7
BRH:6
end_of_record
TN:
SF:src/components/layout/ProgressIndicator.tsx
FN:12,(anonymous_0)
FN:15,(anonymous_1)
FNF:2
FNH:2
FNDA:23,(anonymous_0)
FNDA:65,(anonymous_1)
DA:12,2
DA:13,23
DA:16,65
DA:50,2
LF:4
LH:4
BRDA:20,0,0,22
BRDA:20,0,1,43
BRDA:22,1,0,14
BRDA:22,1,1,29
BRDA:27,2,0,14
BRDA:27,2,1,51
BRDA:31,3,0,22
BRDA:31,3,1,43
BRDA:37,4,0,65
BRDA:37,4,1,42
BRDA:40,5,0,13
BRDA:40,5,1,29
BRF:12
BRH:12
end_of_record
TN:
SF:src/lib/api.ts
FN:17,(anonymous_1)
FN:27,(anonymous_2)
FN:37,(anonymous_3)
FN:41,(anonymous_4)
FN:54,(anonymous_5)
FN:76,(anonymous_6)
FN:82,(anonymous_7)
FN:86,(anonymous_8)
FN:90,(anonymous_9)
FN:100,(anonymous_10)
FN:105,(anonymous_11)
FN:110,(anonymous_12)
FN:128,(anonymous_13)
FN:133,(anonymous_14)
FN:137,(anonymous_15)
FN:141,(anonymous_16)
FN:146,(anonymous_17)
FN:151,(anonymous_18)
FN:156,(anonymous_19)
FN:161,(anonymous_20)
FN:166,(anonymous_21)
FN:172,(anonymous_22)
FN:177,(anonymous_23)
FN:180,(anonymous_24)
FN:200,(anonymous_25)
FN:203,(anonymous_26)
FN:223,(anonymous_27)
FN:228,(anonymous_28)
FNF:28
FNH:25
FNDA:36,(anonymous_1)
FNDA:0,(anonymous_2)
FNDA:0,(anonymous_3)
FNDA:0,(anonymous_4)
FNDA:3,(anonymous_5)
FNDA:3,(anonymous_6)
FNDA:6,(anonymous_7)
FNDA:4,(anonymous_8)
FNDA:3,(anonymous_9)
FNDA:2,(anonymous_10)
FNDA:2,(anonymous_11)
FNDA:2,(anonymous_12)
FNDA:2,(anonymous_13)
FNDA:1,(anonymous_14)
FNDA:1,(anonymous_15)
FNDA:1,(anonymous_16)
FNDA:1,(anonymous_17)
FNDA:1,(anonymous_18)
FNDA:1,(anonymous_19)
FNDA:1,(anonymous_20)
FNDA:1,(anonymous_21)
FNDA:1,(anonymous_22)
FNDA:1,(anonymous_23)
FNDA:4,(anonymous_24)
FNDA:1,(anonymous_25)
FNDA:4,(anonymous_26)
FNDA:1,(anonymous_27)
FNDA:1,(anonymous_28)
DA:1,8
DA:12,8
DA:14,8
DA:15,36
DA:18,36
DA:24,36
DA:27,36
DA:28,0
DA:29,0
DA:30,0
DA:32,0
DA:36,36
DA:38,0
DA:39,0
DA:42,0
DA:43,0
DA:44,0
DA:45,0
DA:46,0
DA:48,0
DA:55,3
DA:61,3
DA:62,3
DA:63,3
DA:64,3
DA:65,3
DA:66,3
DA:67,3
DA:68,3
DA:69,3
DA:73,3
DA:77,3
DA:78,3
DA:79,3
DA:83,6
DA:87,4
DA:91,3
DA:92,3
DA:93,3
DA:95,1
DA:101,2
DA:102,2
DA:106,2
DA:107,2
DA:116,2
DA:124,2
DA:129,2
DA:130,2
DA:134,1
DA:138,1
DA:142,1
DA:143,1
DA:147,1
DA:148,1
DA:152,1
DA:153,1
DA:157,1
DA:158,1
DA:162,1
DA:163,1
DA:167,1
DA:168,1
DA:173,1
DA:174,1
DA:178,1
DA:179,1
DA:180,1
DA:181,4
DA:182,4
DA:183,2
DA:184,0
DA:186,1
DA:201,1
DA:202,1
DA:203,1
DA:204,4
DA:205,4
DA:206,0
DA:207,0
DA:209,1
DA:224,1
DA:225,1
DA:229,1
DA:230,1
DA:234,8
LF:85
LH:70
BRDA:18,0,0,36
BRDA:18,0,1,8
BRDA:24,1,0,36
BRDA:24,1,1,5
BRDA:29,2,0,0
BRDA:29,2,1,0
BRDA:43,3,0,0
BRDA:43,3,1,0
BRDA:61,4,0,3
BRDA:61,4,1,0
BRDA:65,5,0,3
BRDA:65,5,1,0
BRDA:66,6,0,3
BRDA:66,6,1,0
BRDA:67,7,0,2
BRDA:67,7,1,1
BRDA:93,8,0,2
BRDA:93,8,1,1
BRDA:179,9,0,1
BRDA:179,9,1,0
BRDA:181,10,0,0
BRDA:181,10,1,4
BRDA:182,11,0,2
BRDA:182,11,1,2
BRDA:183,12,0,2
BRDA:183,12,1,0
BRDA:183,13,0,2
BRDA:183,13,1,2
BRDA:183,14,0,1
BRDA:183,14,1,1
BRDA:202,15,0,1
BRDA:202,15,1,0
BRDA:204,16,0,0
BRDA:204,16,1,4
BRDA:205,17,0,4
BRDA:205,17,1,0
BRDA:206,18,0,0
BRDA:206,18,1,0
BRDA:206,19,0,0
BRDA:206,19,1,0
BRDA:206,20,0,0
BRDA:206,20,1,0
BRF:42
BRH:23
end_of_record
TN:
SF:src/pages/AboutUsPage.tsx
FN:3,(anonymous_0)
FNF:1
FNH:1
FNDA:2,(anonymous_0)
DA:1,1
DA:3,1
DA:4,2
DA:45,1
LF:4
LH:4
BRF:0
BRH:0
end_of_record
TN:
SF:src/pages/BookingFlowPage.tsx
FN:9,(anonymous_1)
FN:18,(anonymous_2)
FN:51,(anonymous_3)
FN:60,(anonymous_4)
FN:72,(anonymous_5)
FN:96,(anonymous_6)
FN:109,(anonymous_7)
FN:117,(anonymous_8)
FN:125,(anonymous_9)
FN:192,(anonymous_10)
FN:202,(anonymous_11)
FN:216,(anonymous_12)
FN:226,(anonymous_13)
FN:234,(anonymous_14)
FN:256,(anonymous_15)
FN:270,(anonymous_16)
FN:284,(anonymous_17)
FN:298,(anonymous_18)
FN:310,(anonymous_19)
FN:322,(anonymous_20)
FN:336,(anonymous_21)
FN:363,(anonymous_22)
FN:372,(anonymous_23)
FN:381,(anonymous_24)
FN:389,(anonymous_25)
FN:399,(anonymous_26)
FN:418,(anonymous_27)
FN:432,(anonymous_28)
FN:447,(anonymous_29)
FN:459,(anonymous_30)
FN:504,(anonymous_31)
FN:509,(anonymous_32)
FN:555,(anonymous_33)
FN:567,(anonymous_34)
FN:607,(anonymous_35)
FNF:35
FNH:17
FNDA:24,(anonymous_1)
FNDA:52,(anonymous_2)
FNDA:4,(anonymous_3)
FNDA:4,(anonymous_4)
FNDA:3,(anonymous_5)
FNDA:26,(anonymous_6)
FNDA:4,(anonymous_7)
FNDA:3,(anonymous_8)
FNDA:3,(anonymous_9)
FNDA:3,(anonymous_10)
FNDA:0,(anonymous_11)
FNDA:3,(anonymous_12)
FNDA:0,(anonymous_13)
FNDA:0,(anonymous_14)
FNDA:1,(anonymous_15)
FNDA:1,(anonymous_16)
FNDA:1,(anonymous_17)
FNDA:1,(anonymous_18)
FNDA:0,(anonymous_19)
FNDA:0,(anonymous_20)
FNDA:0,(anonymous_21)
FNDA:0,(anonymous_22)
FNDA:0,(anonymous_23)
FNDA:0,(anonymous_24)
FNDA:0,(anonymous_25)
FNDA:0,(anonymous_26)
FNDA:0,(anonymous_27)
FNDA:0,(anonymous_28)
FNDA:0,(anonymous_29)
FNDA:0,(anonymous_30)
FNDA:0,(anonymous_31)
FNDA:0,(anonymous_32)
FNDA:13,(anonymous_33)
FNDA:13,(anonymous_34)
FNDA:0,(anonymous_35)
DA:1,1
DA:2,1
DA:3,1
DA:4,1
DA:9,1
DA:10,24
DA:11,24
DA:12,24
DA:13,24
DA:14,24
DA:15,24
DA:16,24
DA:18,24
DA:19,52
DA:22,24
DA:23,24
DA:24,24
DA:25,24
DA:28,24
DA:38,24
DA:39,24
DA:45,24
DA:51,24
DA:52,4
DA:53,4
DA:55,4
DA:56,3
DA:60,24
DA:61,4
DA:62,4
DA:63,4
DA:64,4
DA:66,0
DA:68,4
DA:72,24
DA:73,3
DA:75,3
DA:76,3
DA:78,0
DA:79,0
DA:80,0
DA:82,3
DA:83,3
DA:92,0
DA:96,24
DA:97,26
DA:98,26
DA:99,26
DA:100,26
DA:101,26
DA:103,26
DA:104,26
DA:105,26
DA:106,26
DA:109,24
DA:110,4
DA:111,1
DA:112,1
DA:114,3
DA:117,24
DA:118,3
DA:119,0
DA:120,0
DA:122,3
DA:125,24
DA:126,3
DA:127,1
DA:128,1
DA:129,1
DA:132,2
DA:133,2
DA:144,1
DA:146,1
DA:147,1
DA:151,24
DA:157,24
DA:158,4
DA:165,20
DA:166,0
DA:173,20
DA:192,3
DA:202,0
DA:216,3
DA:226,0
DA:234,0
DA:257,1
DA:271,1
DA:285,1
DA:299,1
DA:311,0
DA:323,0
DA:336,0
DA:363,0
DA:372,0
DA:381,0
DA:389,0
DA:399,0
DA:419,0
DA:433,0
DA:448,0
DA:460,0
DA:505,0
DA:506,0
DA:507,0
DA:508,0
DA:509,0
DA:510,0
DA:511,0
DA:514,0
DA:515,0
DA:556,13
DA:557,13
DA:558,13
DA:559,13
DA:560,13
DA:568,13
DA:569,13
DA:570,13
DA:571,13
DA:572,13
DA:606,1
DA:607,1
DA:608,0
DA:609,0
DA:610,0
DA:611,0
DA:612,0
DA:613,0
DA:614,0
DA:615,0
DA:616,0
DA:617,0
DA:619,0
DA:621,0
LF:134
LH:90
BRDA:22,0,0,24
BRDA:22,0,1,24
BRDA:24,1,0,24
BRDA:24,1,1,24
BRDA:52,2,0,4
BRDA:52,2,1,0
BRDA:55,3,0,3
BRDA:55,3,1,1
BRDA:61,4,0,0
BRDA:61,4,1,4
BRDA:78,5,0,0
BRDA:78,5,1,0
BRDA:79,6,0,0
BRDA:79,6,1,0
BRDA:97,7,0,0
BRDA:97,7,1,26
BRDA:97,8,0,26
BRDA:97,8,1,26
BRDA:97,8,2,26
BRDA:103,9,0,0
BRDA:103,9,1,26
BRDA:103,10,0,0
BRDA:103,10,1,26
BRDA:103,11,0,0
BRDA:103,11,1,26
BRDA:110,12,0,1
BRDA:110,12,1,3
BRDA:110,13,0,4
BRDA:110,13,1,3
BRDA:118,14,0,0
BRDA:118,14,1,3
BRDA:118,15,0,3
BRDA:118,15,1,3
BRDA:118,15,2,3
BRDA:118,15,3,3
BRDA:126,16,0,1
BRDA:126,16,1,2
BRDA:126,17,0,3
BRDA:126,17,1,3
BRDA:157,18,0,4
BRDA:157,18,1,20
BRDA:165,19,0,0
BRDA:165,19,1,20
BRDA:180,20,0,20
BRDA:180,20,1,10
BRDA:217,21,0,10
BRDA:217,21,1,4
BRDA:247,22,0,20
BRDA:247,22,1,7
BRDA:349,23,0,20
BRDA:349,23,1,3
BRDA:391,24,0,3
BRDA:391,24,1,0
BRDA:401,25,0,0
BRDA:401,25,1,3
BRDA:409,26,0,3
BRDA:409,26,1,3
BRDA:499,27,0,0
BRDA:499,27,1,20
BRDA:501,28,0,0
BRDA:501,28,1,0
BRDA:501,29,0,0
BRDA:501,29,1,0
BRDA:507,30,0,0
BRDA:507,30,1,0
BRDA:507,31,0,0
BRDA:507,31,1,0
BRDA:533,32,0,20
BRDA:533,32,1,16
BRDA:542,33,0,20
BRDA:542,33,1,13
BRDA:550,34,0,20
BRDA:550,34,1,16
BRDA:550,34,2,13
BRDA:571,35,0,0
BRDA:571,35,1,13
BRDA:571,36,0,0
BRDA:571,36,1,13
BRDA:571,37,0,0
BRDA:571,37,1,13
BRDA:591,38,0,20
BRDA:591,38,1,3
BRDA:608,39,0,0
BRDA:608,39,1,0
BRDA:611,40,0,0
BRDA:611,40,1,0
BRDA:611,41,0,0
BRDA:611,41,1,0
BRDA:615,42,0,0
BRDA:615,42,1,0
BRDA:616,43,0,0
BRDA:616,43,1,0
BRF:92
BRH:56
end_of_record
TN:
SF:src/pages/CustomerDashboardPage.tsx
FN:6,(anonymous_0)
FN:12,(anonymous_1)
FN:25,(anonymous_2)
FN:47,(anonymous_3)
FN:48,(anonymous_4)
FN:128,(anonymous_5)
FN:134,(anonymous_6)
FN:171,(anonymous_7)
FN:180,(anonymous_8)
FNF:9
FNH:8
FNDA:7,(anonymous_0)
FNDA:4,(anonymous_1)
FNDA:4,(anonymous_2)
FNDA:1,(anonymous_3)
FNDA:1,(anonymous_4)
FNDA:0,(anonymous_5)
FNDA:2,(anonymous_6)
FNDA:2,(anonymous_7)
FNDA:1,(anonymous_8)
DA:1,1
DA:2,1
DA:3,1
DA:6,1
DA:7,7
DA:8,7
DA:9,7
DA:10,7
DA:12,7
DA:13,4
DA:14,1
DA:15,1
DA:17,3
DA:18,3
DA:19,0
DA:20,0
DA:22,3
DA:25,7
DA:26,4
DA:28,4
DA:29,4
DA:31,0
DA:32,0
DA:33,0
DA:35,4
DA:36,4
DA:37,4
DA:39,0
DA:40,0
DA:41,0
DA:43,4
DA:47,7
DA:48,1
DA:49,1
DA:51,1
DA:52,1
DA:53,1
DA:54,1
DA:55,1
DA:56,1
DA:58,1
DA:59,0
DA:60,0
DA:63,1
DA:65,1
DA:66,1
DA:67,1
DA:69,0
DA:70,0
DA:74,7
DA:75,4
DA:82,3
DA:128,0
DA:135,2
DA:172,2
DA:173,2
DA:174,2
DA:175,2
DA:176,2
DA:177,2
DA:180,1
DA:204,1
LF:62
LH:49
BRDA:13,0,0,1
BRDA:13,0,1,3
BRDA:18,1,0,0
BRDA:18,1,1,3
BRDA:31,2,0,0
BRDA:31,2,1,0
BRDA:32,3,0,0
BRDA:32,3,1,0
BRDA:49,4,0,0
BRDA:49,4,1,1
BRDA:58,5,0,0
BRDA:58,5,1,1
BRDA:63,6,0,0
BRDA:63,6,1,1
BRDA:74,7,0,4
BRDA:74,7,1,3
BRDA:86,8,0,3
BRDA:86,8,1,0
BRDA:86,8,2,0
BRDA:96,9,0,3
BRDA:96,9,1,3
BRDA:125,10,0,1
BRDA:125,10,1,2
BRDA:169,11,0,2
BRDA:169,11,1,2
BRDA:169,11,2,2
BRDA:186,12,0,2
BRDA:186,12,1,1
BRF:28
BRH:18
end_of_record
TN:
SF:src/pages/EmployeeCheckinPage.tsx
FN:5,(anonymous_0)
FN:7,(anonymous_1)
FN:13,(anonymous_2)
FN:21,(anonymous_3)
FN:30,(anonymous_4)
FN:34,(anonymous_5)
FN:35,(anonymous_6)
FN:55,(anonymous_7)
FN:89,(anonymous_8)
FN:98,(anonymous_9)
FN:125,(anonymous_10)
FN:143,(anonymous_11)
FN:161,(anonymous_12)
FN:178,(anonymous_13)
FN:193,(anonymous_14)
FNF:15
FNH:8
FNDA:4,(anonymous_0)
FNDA:4,(anonymous_1)
FNDA:1,(anonymous_2)
FNDA:2,(anonymous_3)
FNDA:2,(anonymous_4)
FNDA:2,(anonymous_5)
FNDA:1,(anonymous_6)
FNDA:0,(anonymous_7)
FNDA:0,(anonymous_8)
FNDA:1,(anonymous_9)
FNDA:0,(anonymous_10)
FNDA:0,(anonymous_11)
FNDA:0,(anonymous_12)
FNDA:0,(anonymous_13)
FNDA:0,(anonymous_14)
DA:1,1
DA:2,1
DA:5,4
DA:7,1
DA:8,4
DA:9,4
DA:10,4
DA:11,4
DA:13,4
DA:14,1
DA:15,1
DA:16,0
DA:18,1
DA:21,4
DA:22,2
DA:23,2
DA:24,0
DA:25,0
DA:27,2
DA:30,4
DA:31,2
DA:32,2
DA:33,2
DA:34,2
DA:35,2
DA:36,1
DA:37,1
DA:38,0
DA:39,0
DA:40,0
DA:42,0
DA:46,2
DA:47,2
DA:48,2
DA:50,0
DA:51,0
DA:55,4
DA:56,0
DA:57,0
DA:58,0
DA:59,0
DA:60,0
DA:61,0
DA:62,0
DA:64,0
DA:65,0
DA:66,0
DA:68,0
DA:69,0
DA:76,0
DA:78,0
DA:79,0
DA:83,4
DA:89,0
DA:99,1
DA:125,0
DA:143,0
DA:161,0
DA:178,0
DA:193,0
DA:205,1
LF:61
LH:31
BRDA:14,0,0,0
BRDA:14,0,1,1
BRDA:15,1,0,0
BRDA:15,1,1,1
BRDA:16,2,0,0
BRDA:16,2,1,0
BRDA:23,3,0,0
BRDA:23,3,1,2
BRDA:23,4,0,2
BRDA:23,4,1,0
BRDA:36,5,0,1
BRDA:36,5,1,0
BRDA:37,6,0,1
BRDA:37,6,1,0
BRDA:56,7,0,0
BRDA:56,7,1,0
BRDA:58,8,0,0
BRDA:58,8,1,0
BRDA:59,9,0,0
BRDA:59,9,1,0
BRDA:60,10,0,0
BRDA:60,10,1,0
BRDA:60,11,0,0
BRDA:60,11,1,0
BRDA:64,12,0,0
BRDA:64,12,1,0
BRDA:92,13,0,2
BRDA:92,13,1,2
BRDA:94,14,0,1
BRDA:94,14,1,1
BRDA:114,15,0,1
BRDA:114,15,1,0
BRDA:123,16,0,1
BRDA:123,16,1,0
BRDA:124,17,0,1
BRDA:124,17,1,1
BRDA:129,18,0,0
BRDA:129,18,1,0
BRDA:130,19,0,0
BRDA:130,19,1,0
BRDA:131,20,0,0
BRDA:131,20,1,0
BRDA:135,21,0,1
BRDA:135,21,1,0
BRDA:142,22,0,1
BRDA:142,22,1,1
BRDA:146,23,0,0
BRDA:146,23,1,0
BRDA:148,24,0,0
BRDA:148,24,1,0
BRDA:149,25,0,0
BRDA:149,25,1,0
BRDA:160,26,0,1
BRDA:160,26,1,1
BRDA:164,27,0,0
BRDA:164,27,1,0
BRDA:165,28,0,0
BRDA:165,28,1,0
BRDA:166,29,0,0
BRDA:166,29,1,0
BRDA:177,30,0,1
BRDA:177,30,1,1
BRDA:181,31,0,0
BRDA:181,31,1,0
BRDA:182,32,0,0
BRDA:182,32,1,0
BRDA:184,33,0,0
BRDA:184,33,1,0
BRF:68
BRH:21
end_of_record
TN:
SF:src/pages/EmployeeCheckoutPage.tsx
FN:5,(anonymous_0)
FN:7,(anonymous_1)
FN:14,(anonymous_2)
FN:22,(anonymous_3)
FN:31,(anonymous_4)
FN:35,(anonymous_5)
FN:36,(anonymous_6)
FN:59,(anonymous_7)
FN:95,(anonymous_8)
FN:110,(anonymous_9)
FN:137,(anonymous_10)
FN:147,(anonymous_11)
FN:163,(anonymous_12)
FN:190,(anonymous_13)
FN:199,(anonymous_14)
FNF:15
FNH:10
FNDA:11,(anonymous_0)
FNDA:11,(anonymous_1)
FNDA:4,(anonymous_2)
FNDA:5,(anonymous_3)
FNDA:6,(anonymous_4)
FNDA:12,(anonymous_5)
FNDA:4,(anonymous_6)
FNDA:4,(anonymous_7)
FNDA:0,(anonymous_8)
FNDA:4,(anonymous_9)
FNDA:0,(anonymous_10)
FNDA:4,(anonymous_11)
FNDA:0,(anonymous_12)
FNDA:0,(anonymous_13)
FNDA:0,(anonymous_14)
DA:1,1
DA:2,1
DA:5,11
DA:7,1
DA:8,11
DA:9,11
DA:10,11
DA:11,11
DA:12,11
DA:14,11
DA:15,4
DA:16,4
DA:17,0
DA:19,4
DA:22,11
DA:23,5
DA:24,5
DA:25,0
DA:26,0
DA:28,5
DA:31,11
DA:32,6
DA:33,6
DA:34,6
DA:35,6
DA:36,12
DA:37,4
DA:38,4
DA:39,0
DA:40,0
DA:41,0
DA:43,0
DA:47,6
DA:48,6
DA:49,6
DA:50,6
DA:51,6
DA:52,6
DA:54,0
DA:55,0
DA:59,11
DA:60,4
DA:61,4
DA:62,4
DA:63,0
DA:64,0
DA:66,4
DA:67,4
DA:68,1
DA:70,3
DA:71,3
DA:72,3
DA:74,3
DA:75,1
DA:76,2
DA:77,1
DA:79,1
DA:82,3
DA:86,11
DA:95,0
DA:111,4
DA:137,0
DA:147,4
DA:164,0
DA:190,0
DA:200,0
DA:201,0
DA:202,0
DA:204,0
DA:205,0
DA:223,1
LF:71
LH:51
BRDA:15,0,0,0
BRDA:15,0,1,4
BRDA:16,1,0,0
BRDA:16,1,1,4
BRDA:17,2,0,0
BRDA:17,2,1,0
BRDA:24,3,0,0
BRDA:24,3,1,5
BRDA:24,4,0,5
BRDA:24,4,1,0
BRDA:37,5,0,4
BRDA:37,5,1,0
BRDA:38,6,0,4
BRDA:38,6,1,0
BRDA:60,7,0,4
BRDA:60,7,1,4
BRDA:61,8,0,4
BRDA:61,8,1,0
BRDA:62,9,0,0
BRDA:62,9,1,4
BRDA:62,10,0,4
BRDA:62,10,1,4
BRDA:74,11,0,1
BRDA:74,11,1,2
BRDA:76,12,0,1
BRDA:76,12,1,1
BRDA:79,13,0,1
BRDA:79,13,1,1
BRDA:79,13,2,1
BRDA:79,13,3,0
BRDA:100,14,0,5
BRDA:100,14,1,6
BRDA:106,15,0,2
BRDA:106,15,1,4
BRDA:128,16,0,4
BRDA:128,16,1,0
BRDA:136,17,0,4
BRDA:136,17,1,4
BRDA:137,18,0,0
BRDA:137,18,1,0
BRDA:146,19,0,4
BRDA:146,19,1,4
BRDA:159,20,0,6
BRDA:159,20,1,0
BRDA:181,21,0,0
BRDA:181,21,1,0
BRDA:189,22,0,0
BRDA:189,22,1,0
BRDA:190,23,0,0
BRDA:190,23,1,0
BRF:50
BRH:29
end_of_record
TN:
SF:src/pages/HomePage.tsx
FN:6,(anonymous_0)
FN:18,(anonymous_1)
FN:23,(anonymous_2)
FN:30,(anonymous_3)
FN:35,(anonymous_4)
FN:40,(anonymous_5)
FN:47,(anonymous_6)
FN:51,(anonymous_7)
FN:58,(anonymous_8)
FN:71,(anonymous_9)
FN:92,(anonymous_10)
FN:110,(anonymous_11)
FN:132,(anonymous_12)
FN:153,(anonymous_13)
FN:166,(anonymous_14)
FN:180,(anonymous_15)
FN:193,(anonymous_16)
FN:278,(anonymous_17)
FN:281,(anonymous_18)
FN:298,(anonymous_19)
FN:302,(anonymous_20)
FN:325,(anonymous_21)
FNF:22
FNH:16
FNDA:14,(anonymous_0)
FNDA:9,(anonymous_1)
FNDA:1,(anonymous_2)
FNDA:8,(anonymous_3)
FNDA:9,(anonymous_4)
FNDA:1,(anonymous_5)
FNDA:8,(anonymous_6)
FNDA:4,(anonymous_7)
FNDA:4,(anonymous_8)
FNDA:2,(anonymous_9)
FNDA:3,(anonymous_10)
FNDA:13,(anonymous_11)
FNDA:0,(anonymous_12)
FNDA:1,(anonymous_13)
FNDA:1,(anonymous_14)
FNDA:0,(anonymous_15)
FNDA:0,(anonymous_16)
FNDA:3,(anonymous_17)
FNDA:3,(anonymous_18)
FNDA:0,(anonymous_19)
FNDA:0,(anonymous_20)
FNDA:0,(anonymous_21)
DA:1,1
DA:2,1
DA:3,1
DA:6,1
DA:7,14
DA:8,14
DA:9,13
DA:10,13
DA:18,13
DA:19,9
DA:20,1
DA:21,1
DA:22,1
DA:23,1
DA:30,13
DA:31,8
DA:35,13
DA:36,9
DA:37,1
DA:38,1
DA:39,1
DA:40,1
DA:47,13
DA:48,8
DA:49,8
DA:51,8
DA:58,8
DA:60,0
DA:63,0
DA:64,0
DA:67,8
DA:71,13
DA:72,2
DA:73,1
DA:74,1
DA:76,1
DA:77,0
DA:78,0
DA:81,1
DA:86,1
DA:87,0
DA:89,1
DA:92,13
DA:93,3
DA:102,3
DA:105,13
DA:111,13
DA:112,13
DA:113,13
DA:132,0
DA:154,1
DA:167,1
DA:181,0
DA:194,0
DA:279,3
DA:282,3
DA:283,3
DA:286,3
DA:287,3
DA:293,0
DA:299,0
DA:300,0
DA:301,0
DA:302,0
DA:303,0
DA:304,0
DA:307,0
DA:308,0
DA:325,0
DA:339,1
LF:70
LH:51
BRDA:19,0,0,1
BRDA:19,0,1,8
BRDA:19,1,0,9
BRDA:19,1,1,1
BRDA:36,2,0,1
BRDA:36,2,1,8
BRDA:36,3,0,9
BRDA:36,3,1,1
BRDA:53,4,0,0
BRDA:53,4,1,4
BRDA:53,5,0,4
BRDA:53,5,1,0
BRDA:55,6,0,4
BRDA:55,6,1,0
BRDA:63,7,0,0
BRDA:63,7,1,0
BRDA:72,8,0,1
BRDA:72,8,1,1
BRDA:72,9,0,2
BRDA:72,9,1,1
BRDA:72,9,2,1
BRDA:76,10,0,0
BRDA:76,10,1,1
BRDA:86,11,0,0
BRDA:86,11,1,1
BRDA:102,12,0,3
BRDA:102,12,1,0
BRDA:183,13,0,13
BRDA:183,13,1,11
BRDA:265,14,0,11
BRDA:265,14,1,2
BRDA:269,15,0,1
BRDA:269,15,1,1
BRDA:282,16,0,3
BRDA:282,16,1,0
BRDA:282,16,2,3
BRDA:283,17,0,0
BRDA:283,17,1,3
BRDA:283,18,0,3
BRDA:283,18,1,0
BRDA:286,19,0,3
BRDA:286,19,1,0
BRDA:295,20,0,0
BRDA:295,20,1,0
BRDA:300,21,0,0
BRDA:300,21,1,0
BRDA:300,22,0,0
BRDA:300,22,1,0
BRDA:301,23,0,0
BRDA:301,23,1,0
BRF:50
BRH:30
end_of_record
TN:
SF:src/pages/LoginPage.tsx
FN:5,(anonymous_0)
FN:12,(anonymous_1)
FN:61,(anonymous_2)
FN:72,(anonymous_3)
FNF:4
FNH:4
FNDA:6,(anonymous_0)
FNDA:1,(anonymous_1)
FNDA:1,(anonymous_2)
FNDA:1,(anonymous_3)
DA:1,1
DA:2,1
DA:3,1
DA:5,1
DA:6,6
DA:7,6
DA:8,6
DA:9,6
DA:10,6
DA:12,6
DA:13,1
DA:14,1
DA:15,1
DA:17,1
DA:18,1
DA:21,0
DA:23,0
DA:24,0
DA:26,0
DA:29,1
DA:31,1
DA:35,6
DA:61,1
DA:72,1
DA:101,1
LF:25
LH:21
BRDA:23,0,0,0
BRDA:23,0,1,0
BRDA:23,1,0,0
BRDA:23,1,1,0
BRDA:29,2,0,1
BRDA:29,2,1,1
BRDA:51,3,0,6
BRDA:51,3,1,1
BRDA:83,4,0,1
BRDA:83,4,1,5
BRF:10
BRH:6
end_of_record
TN:
SF:src/pages/RegisterPage.tsx
FN:5,(anonymous_0)
FN:21,(anonymous_1)
FN:25,(anonymous_2)
FNF:3
FNH:1
FNDA:2,(anonymous_0)
FNDA:0,(anonymous_1)
FNDA:0,(anonymous_2)
DA:1,1
DA:2,1
DA:3,1
DA:5,1
DA:6,2
DA:7,2
DA:18,2
DA:19,2
DA:21,2
DA:22,0
DA:25,2
DA:26,0
DA:27,0
DA:29,0
DA:30,0
DA:31,0
DA:34,0
DA:36,0
DA:37,0
DA:47,0
DA:49,0
DA:51,0
DA:55,2
DA:215,1
LF:24
LH:12
BRDA:29,0,0,0
BRDA:29,0,1,0
BRDA:49,1,0,0
BRDA:49,1,1,0
BRDA:71,2,0,2
BRDA:71,2,1,0
BRDA:197,3,0,0
BRDA:197,3,1,2
BRF:8
BRH:2
end_of_record
TN:
SF:src/pages/VehicleDetailPage.tsx
FN:6,(anonymous_0)
FN:9,(anonymous_1)
FN:23,(anonymous_2)
FN:29,(anonymous_3)
FN:35,(anonymous_4)
FN:39,(anonymous_5)
FN:81,(anonymous_6)
FN:96,(anonymous_7)
FN:108,(anonymous_8)
FN:136,(anonymous_9)
FN:149,(anonymous_10)
FN:175,(anonymous_11)
FN:193,(anonymous_12)
FN:197,(anonymous_13)
FN:207,(anonymous_14)
FN:211,(anonymous_15)
FN:221,(anonymous_16)
FN:225,(anonymous_17)
FN:225,(anonymous_18)
FN:227,(anonymous_19)
FN:288,(anonymous_20)
FN:336,(anonymous_21)
FN:348,(anonymous_22)
FN:389,(anonymous_23)
FN:398,(anonymous_24)
FN:410,(anonymous_25)
FNF:26
FNH:10
FNDA:2,(anonymous_0)
FNDA:7,(anonymous_1)
FNDA:3,(anonymous_2)
FNDA:4,(anonymous_3)
FNDA:4,(anonymous_4)
FNDA:3,(anonymous_5)
FNDA:0,(anonymous_6)
FNDA:0,(anonymous_7)
FNDA:2,(anonymous_8)
FNDA:0,(anonymous_9)
FNDA:0,(anonymous_10)
FNDA:2,(anonymous_11)
FNDA:0,(anonymous_12)
FNDA:0,(anonymous_13)
FNDA:0,(anonymous_14)
FNDA:0,(anonymous_15)
FNDA:0,(anonymous_16)
FNDA:0,(anonymous_17)
FNDA:0,(anonymous_18)
FNDA:0,(anonymous_19)
FNDA:12,(anonymous_20)
FNDA:0,(anonymous_21)
FNDA:0,(anonymous_22)
FNDA:0,(anonymous_23)
FNDA:0,(anonymous_24)
FNDA:2,(anonymous_25)
DA:1,1
DA:2,1
DA:3,1
DA:6,1
DA:7,2
DA:9,1
DA:10,7
DA:11,7
DA:12,6
DA:13,6
DA:14,6
DA:15,6
DA:16,6
DA:17,6
DA:18,6
DA:19,6
DA:20,6
DA:21,6
DA:23,6
DA:24,3
DA:25,3
DA:29,6
DA:30,4
DA:31,0
DA:35,6
DA:36,4
DA:39,6
DA:40,3
DA:41,0
DA:42,0
DA:43,0
DA:45,3
DA:46,3
DA:47,3
DA:48,3
DA:49,2
DA:52,2
DA:59,2
DA:60,2
DA:61,2
DA:63,1
DA:64,1
DA:65,1
DA:66,0
DA:67,1
DA:68,1
DA:69,0
DA:70,0
DA:71,0
DA:72,0
DA:74,0
DA:77,3
DA:81,6
DA:82,0
DA:83,0
DA:84,0
DA:85,0
DA:86,0
DA:87,0
DA:88,0
DA:89,0
DA:92,6
DA:96,6
DA:97,0
DA:98,0
DA:99,0
DA:101,0
DA:102,0
DA:103,0
DA:105,0
DA:108,6
DA:109,2
DA:118,2
DA:121,6
DA:122,3
DA:131,3
DA:132,1
DA:136,0
DA:144,2
DA:145,0
DA:149,0
DA:157,2
DA:176,2
DA:177,2
DA:180,2
DA:181,2
DA:187,0
DA:194,0
DA:195,0
DA:196,0
DA:197,0
DA:199,0
DA:208,0
DA:211,0
DA:222,0
DA:223,0
DA:224,0
DA:225,0
DA:227,0
DA:289,12
DA:336,0
DA:348,0
DA:388,1
DA:389,1
DA:390,0
DA:391,0
DA:392,0
DA:393,0
DA:394,0
DA:395,0
DA:396,0
DA:397,0
DA:398,0
DA:399,0
DA:400,0
DA:401,0
DA:402,0
DA:405,0
DA:407,0
DA:410,1
DA:411,2
DA:412,0
DA:413,0
DA:414,0
DA:415,0
DA:416,0
DA:417,0
DA:418,0
DA:419,0
DA:420,0
DA:422,0
DA:424,0
LF:132
LH:63
BRDA:24,0,0,3
BRDA:24,0,1,0
BRDA:30,1,0,0
BRDA:30,1,1,4
BRDA:30,2,0,4
BRDA:30,2,1,0
BRDA:40,3,0,0
BRDA:40,3,1,3
BRDA:54,4,0,0
BRDA:54,4,1,2
BRDA:54,5,0,2
BRDA:54,5,1,0
BRDA:56,6,0,2
BRDA:56,6,1,0
BRDA:64,7,0,1
BRDA:64,7,1,1
BRDA:65,8,0,0
BRDA:65,8,1,1
BRDA:65,9,0,1
BRDA:65,9,1,1
BRDA:67,10,0,1
BRDA:67,10,1,0
BRDA:69,11,0,0
BRDA:69,11,1,0
BRDA:71,12,0,0
BRDA:71,12,1,0
BRDA:82,13,0,0
BRDA:82,13,1,0
BRDA:82,14,0,0
BRDA:82,14,1,0
BRDA:82,14,2,0
BRDA:92,15,0,0
BRDA:92,15,1,6
BRDA:92,16,0,6
BRDA:92,16,1,0
BRDA:97,17,0,0
BRDA:97,17,1,0
BRDA:97,18,0,0
BRDA:97,18,1,0
BRDA:101,19,0,0
BRDA:101,19,1,0
BRDA:118,20,0,2
BRDA:118,20,1,0
BRDA:121,21,0,3
BRDA:121,21,1,3
BRDA:131,22,0,1
BRDA:131,22,1,2
BRDA:144,23,0,0
BRDA:144,23,1,2
BRDA:177,24,0,0
BRDA:177,24,1,2
BRDA:177,25,0,2
BRDA:177,25,1,0
BRDA:180,26,0,2
BRDA:180,26,1,0
BRDA:180,27,0,2
BRDA:180,27,1,0
BRDA:189,28,0,0
BRDA:189,28,1,0
BRDA:195,29,0,0
BRDA:195,29,1,0
BRDA:195,30,0,0
BRDA:195,30,1,0
BRDA:196,31,0,0
BRDA:196,31,1,0
BRDA:212,32,0,0
BRDA:212,32,1,0
BRDA:215,33,0,0
BRDA:215,33,1,0
BRDA:215,34,0,0
BRDA:215,34,1,0
BRDA:217,35,0,0
BRDA:217,35,1,0
BRDA:217,36,0,0
BRDA:217,36,1,0
BRDA:223,37,0,0
BRDA:223,37,1,0
BRDA:223,38,0,0
BRDA:223,38,1,0
BRDA:224,39,0,0
BRDA:224,39,1,0
BRDA:349,40,0,2
BRDA:349,40,1,2
BRDA:355,41,0,2
BRDA:355,41,1,0
BRDA:390,42,0,0
BRDA:390,42,1,0
BRDA:393,43,0,0
BRDA:393,43,1,0
BRDA:396,44,0,0
BRDA:396,44,1,0
BRDA:399,45,0,0
BRDA:399,45,1,0
BRDA:411,46,0,2
BRDA:411,46,1,0
BRDA:414,47,0,0
BRDA:414,47,1,0
BRDA:414,48,0,0
BRDA:414,48,1,0
BRDA:418,49,0,0
BRDA:418,49,1,0
BRDA:419,50,0,0
BRDA:419,50,1,0
BRF:103
BRH:29
end_of_record
TN:
SF:src/pages/VehicleListPage.tsx
FN:6,(anonymous_0)
FN:18,(anonymous_1)
FN:22,(anonymous_2)
FN:39,(anonymous_3)
FN:43,(anonymous_4)
FN:68,(anonymous_5)
FN:116,(anonymous_6)
FN:122,(anonymous_7)
FN:126,(anonymous_8)
FN:129,(anonymous_9)
FN:146,(anonymous_10)
FN:150,(anonymous_11)
FN:174,(anonymous_12)
FN:191,(anonymous_13)
FNF:14
FNH:9
FNDA:8,(anonymous_0)
FNDA:4,(anonymous_1)
FNDA:4,(anonymous_2)
FNDA:1,(anonymous_3)
FNDA:2,(anonymous_4)
FNDA:2,(anonymous_5)
FNDA:0,(anonymous_6)
FNDA:2,(anonymous_7)
FNDA:0,(anonymous_8)
FNDA:2,(anonymous_9)
FNDA:0,(anonymous_10)
FNDA:0,(anonymous_11)
FNDA:0,(anonymous_12)
FNDA:2,(anonymous_13)
DA:1,1
DA:2,1
DA:3,1
DA:6,1
DA:7,8
DA:8,7
DA:9,7
DA:10,7
DA:11,7
DA:13,7
DA:14,7
DA:15,7
DA:16,7
DA:18,7
DA:19,4
DA:22,7
DA:23,4
DA:24,4
DA:26,4
DA:27,4
DA:28,4
DA:30,1
DA:38,3
DA:39,2
DA:43,3
DA:50,3
DA:51,3
DA:53,1
DA:54,1
DA:55,1
DA:56,1
DA:57,0
DA:58,1
DA:59,0
DA:60,1
DA:61,1
DA:64,4
DA:68,7
DA:69,2
DA:78,2
DA:81,7
DA:82,4
DA:91,3
DA:92,1
DA:101,2
DA:116,0
DA:123,2
DA:126,0
DA:130,2
DA:131,2
DA:134,2
DA:135,2
DA:141,0
DA:147,0
DA:148,0
DA:149,0
DA:150,0
DA:151,0
DA:152,0
DA:155,0
DA:156,0
DA:175,0
DA:176,0
DA:190,1
DA:191,1
DA:192,2
DA:193,0
DA:194,0
DA:195,0
DA:196,0
DA:197,0
DA:198,0
DA:199,0
DA:200,0
DA:201,0
DA:203,0
DA:205,0
LF:77
LH:51
BRDA:13,0,0,7
BRDA:13,0,1,5
BRDA:14,1,0,7
BRDA:14,1,1,5
BRDA:15,2,0,7
BRDA:15,2,1,5
BRDA:28,3,0,1
BRDA:28,3,1,3
BRDA:28,4,0,4
BRDA:28,4,1,1
BRDA:28,4,2,1
BRDA:28,4,3,1
BRDA:45,5,0,0
BRDA:45,5,1,2
BRDA:45,6,0,2
BRDA:45,6,1,0
BRDA:47,7,0,2
BRDA:47,7,1,0
BRDA:54,8,0,1
BRDA:54,8,1,0
BRDA:56,9,0,0
BRDA:56,9,1,1
BRDA:56,10,0,1
BRDA:56,10,1,1
BRDA:58,11,0,0
BRDA:58,11,1,1
BRDA:60,12,0,1
BRDA:60,12,1,0
BRDA:78,13,0,2
BRDA:78,13,1,0
BRDA:81,14,0,4
BRDA:81,14,1,3
BRDA:91,15,0,1
BRDA:91,15,1,2
BRDA:105,16,0,2
BRDA:105,16,1,1
BRDA:105,16,2,1
BRDA:105,16,3,1
BRDA:113,17,0,0
BRDA:113,17,1,2
BRDA:130,18,0,2
BRDA:130,18,1,0
BRDA:130,18,2,2
BRDA:131,19,0,0
BRDA:131,19,1,2
BRDA:131,20,0,2
BRDA:131,20,1,0
BRDA:134,21,0,2
BRDA:134,21,1,0
BRDA:143,22,0,0
BRDA:143,22,1,0
BRDA:148,23,0,0
BRDA:148,23,1,0
BRDA:148,24,0,0
BRDA:148,24,1,0
BRDA:149,25,0,0
BRDA:149,25,1,0
BRDA:192,26,0,2
BRDA:192,26,1,0
BRDA:195,27,0,0
BRDA:195,27,1,0
BRDA:195,28,0,0
BRDA:195,28,1,0
BRDA:199,29,0,0
BRDA:199,29,1,0
BRDA:200,30,0,0
BRDA:200,30,1,0
BRF:67
BRH:37
end_of_record
